
*** Running vivado
    with args -log sensor_readout_axis_combiner_0_0.vds -m64 -product Vivado -mode batch -messageDb vivado.pb -notrace -source sensor_readout_axis_combiner_0_0.tcl


****** Vivado v2017.4 (64-bit)
  **** SW Build 2086221 on Fri Dec 15 20:55:39 MST 2017
  **** IP Build 2085800 on Fri Dec 15 22:25:07 MST 2017
    ** Copyright 1986-2017 Xilinx, Inc. All Rights Reserved.

source sensor_readout_axis_combiner_0_0.tcl -notrace
Command: synth_design -top sensor_readout_axis_combiner_0_0 -part xc7z015clg485-3 -mode out_of_context
Starting synth_design
Attempting to get a license for feature 'Synthesis' and/or device 'xc7z015'
INFO: [Common 17-349] Got license for feature 'Synthesis' and/or device 'xc7z015'
INFO: Launching helper process for spawning children vivado processes
INFO: Helper process launched with PID 5372 
---------------------------------------------------------------------------------
Starting RTL Elaboration : Time (s): cpu = 00:00:08 ; elapsed = 00:00:08 . Memory (MB): peak = 362.855 ; gain = 101.023
---------------------------------------------------------------------------------
INFO: [Synth 8-638] synthesizing module 'sensor_readout_axis_combiner_0_0' [c:/Users/ZdunekPC/Documents/Spektrop2/Vivado/Spektrop2_CMV4000_V3/Spektrop2_CMV4000_V2.srcs/sources_1/bd/sensor_readout/ip/sensor_readout_axis_combiner_0_0/synth/sensor_readout_axis_combiner_0_0.v:57]
INFO: [Synth 8-638] synthesizing module 'axis_combiner_v1_1_14_top' [c:/Users/ZdunekPC/Documents/Spektrop2/Vivado/Spektrop2_CMV4000_V3/Spektrop2_CMV4000_V2.srcs/sources_1/bd/sensor_readout/ipshared/cf24/hdl/axis_combiner_v1_1_vl_rfs.v:56]
	Parameter C_FAMILY bound to: zynq - type: string 
	Parameter C_AXIS_TDATA_WIDTH bound to: 64 - type: integer 
	Parameter C_AXIS_TID_WIDTH bound to: 1 - type: integer 
	Parameter C_AXIS_TDEST_WIDTH bound to: 1 - type: integer 
	Parameter C_AXIS_TUSER_WIDTH bound to: 1 - type: integer 
	Parameter C_AXIS_SIGNAL_SET bound to: 147 - type: integer 
	Parameter C_MASTER_PORT_NUM bound to: 0 - type: integer 
	Parameter C_NUM_SI_SLOTS bound to: 2 - type: integer 
	Parameter G_INDX_SS_TREADY bound to: 0 - type: integer 
	Parameter G_INDX_SS_TDATA bound to: 1 - type: integer 
	Parameter G_INDX_SS_TSTRB bound to: 2 - type: integer 
	Parameter G_INDX_SS_TKEEP bound to: 3 - type: integer 
	Parameter G_INDX_SS_TLAST bound to: 4 - type: integer 
	Parameter G_INDX_SS_TID bound to: 5 - type: integer 
	Parameter G_INDX_SS_TDEST bound to: 6 - type: integer 
	Parameter G_INDX_SS_TUSER bound to: 7 - type: integer 
	Parameter G_MASK_SS_TREADY bound to: 1 - type: integer 
	Parameter G_MASK_SS_TDATA bound to: 2 - type: integer 
	Parameter G_MASK_SS_TSTRB bound to: 4 - type: integer 
	Parameter G_MASK_SS_TKEEP bound to: 8 - type: integer 
	Parameter G_MASK_SS_TLAST bound to: 16 - type: integer 
	Parameter G_MASK_SS_TID bound to: 32 - type: integer 
	Parameter G_MASK_SS_TDEST bound to: 64 - type: integer 
	Parameter G_MASK_SS_TUSER bound to: 128 - type: integer 
	Parameter G_TASK_SEVERITY_ERR bound to: 2 - type: integer 
	Parameter G_TASK_SEVERITY_WARNING bound to: 1 - type: integer 
	Parameter G_TASK_SEVERITY_INFO bound to: 0 - type: integer 
	Parameter P_TPAYLOAD_WIDTH bound to: 131 - type: integer 
	Parameter P_MASTER_PORT_NUM bound to: 0 - type: integer 
INFO: [Synth 8-638] synthesizing module 'axis_infrastructure_v1_1_0_util_axis2vector' [c:/Users/ZdunekPC/Documents/Spektrop2/Vivado/Spektrop2_CMV4000_V3/Spektrop2_CMV4000_V2.srcs/sources_1/bd/sensor_readout/ipshared/0ab1/hdl/axis_infrastructure_v1_1_vl_rfs.v:810]
	Parameter C_TDATA_WIDTH bound to: 128 - type: integer 
	Parameter C_TID_WIDTH bound to: 1 - type: integer 
	Parameter C_TDEST_WIDTH bound to: 1 - type: integer 
	Parameter C_TUSER_WIDTH bound to: 2 - type: integer 
	Parameter C_TPAYLOAD_WIDTH bound to: 131 - type: integer 
	Parameter C_SIGNAL_SET bound to: 147 - type: integer 
	Parameter G_INDX_SS_TREADY bound to: 0 - type: integer 
	Parameter G_INDX_SS_TDATA bound to: 1 - type: integer 
	Parameter G_INDX_SS_TSTRB bound to: 2 - type: integer 
	Parameter G_INDX_SS_TKEEP bound to: 3 - type: integer 
	Parameter G_INDX_SS_TLAST bound to: 4 - type: integer 
	Parameter G_INDX_SS_TID bound to: 5 - type: integer 
	Parameter G_INDX_SS_TDEST bound to: 6 - type: integer 
	Parameter G_INDX_SS_TUSER bound to: 7 - type: integer 
	Parameter G_MASK_SS_TREADY bound to: 1 - type: integer 
	Parameter G_MASK_SS_TDATA bound to: 2 - type: integer 
	Parameter G_MASK_SS_TSTRB bound to: 4 - type: integer 
	Parameter G_MASK_SS_TKEEP bound to: 8 - type: integer 
	Parameter G_MASK_SS_TLAST bound to: 16 - type: integer 
	Parameter G_MASK_SS_TID bound to: 32 - type: integer 
	Parameter G_MASK_SS_TDEST bound to: 64 - type: integer 
	Parameter G_MASK_SS_TUSER bound to: 128 - type: integer 
	Parameter G_TASK_SEVERITY_ERR bound to: 2 - type: integer 
	Parameter G_TASK_SEVERITY_WARNING bound to: 1 - type: integer 
	Parameter G_TASK_SEVERITY_INFO bound to: 0 - type: integer 
	Parameter P_TDATA_INDX bound to: 0 - type: integer 
	Parameter P_TSTRB_INDX bound to: 128 - type: integer 
	Parameter P_TKEEP_INDX bound to: 128 - type: integer 
	Parameter P_TLAST_INDX bound to: 128 - type: integer 
	Parameter P_TID_INDX bound to: 129 - type: integer 
	Parameter P_TDEST_INDX bound to: 129 - type: integer 
	Parameter P_TUSER_INDX bound to: 129 - type: integer 
INFO: [Synth 8-256] done synthesizing module 'axis_infrastructure_v1_1_0_util_axis2vector' (1#1) [c:/Users/ZdunekPC/Documents/Spektrop2/Vivado/Spektrop2_CMV4000_V3/Spektrop2_CMV4000_V2.srcs/sources_1/bd/sensor_readout/ipshared/0ab1/hdl/axis_infrastructure_v1_1_vl_rfs.v:810]
INFO: [Synth 8-638] synthesizing module 'axis_infrastructure_v1_1_0_util_vector2axis' [c:/Users/ZdunekPC/Documents/Spektrop2/Vivado/Spektrop2_CMV4000_V3/Spektrop2_CMV4000_V2.srcs/sources_1/bd/sensor_readout/ipshared/0ab1/hdl/axis_infrastructure_v1_1_vl_rfs.v:992]
	Parameter C_TDATA_WIDTH bound to: 128 - type: integer 
	Parameter C_TID_WIDTH bound to: 1 - type: integer 
	Parameter C_TDEST_WIDTH bound to: 1 - type: integer 
	Parameter C_TUSER_WIDTH bound to: 2 - type: integer 
	Parameter C_TPAYLOAD_WIDTH bound to: 131 - type: integer 
	Parameter C_SIGNAL_SET bound to: 147 - type: integer 
	Parameter G_INDX_SS_TREADY bound to: 0 - type: integer 
	Parameter G_INDX_SS_TDATA bound to: 1 - type: integer 
	Parameter G_INDX_SS_TSTRB bound to: 2 - type: integer 
	Parameter G_INDX_SS_TKEEP bound to: 3 - type: integer 
	Parameter G_INDX_SS_TLAST bound to: 4 - type: integer 
	Parameter G_INDX_SS_TID bound to: 5 - type: integer 
	Parameter G_INDX_SS_TDEST bound to: 6 - type: integer 
	Parameter G_INDX_SS_TUSER bound to: 7 - type: integer 
	Parameter G_MASK_SS_TREADY bound to: 1 - type: integer 
	Parameter G_MASK_SS_TDATA bound to: 2 - type: integer 
	Parameter G_MASK_SS_TSTRB bound to: 4 - type: integer 
	Parameter G_MASK_SS_TKEEP bound to: 8 - type: integer 
	Parameter G_MASK_SS_TLAST bound to: 16 - type: integer 
	Parameter G_MASK_SS_TID bound to: 32 - type: integer 
	Parameter G_MASK_SS_TDEST bound to: 64 - type: integer 
	Parameter G_MASK_SS_TUSER bound to: 128 - type: integer 
	Parameter G_TASK_SEVERITY_ERR bound to: 2 - type: integer 
	Parameter G_TASK_SEVERITY_WARNING bound to: 1 - type: integer 
	Parameter G_TASK_SEVERITY_INFO bound to: 0 - type: integer 
	Parameter P_TDATA_INDX bound to: 0 - type: integer 
	Parameter P_TSTRB_INDX bound to: 128 - type: integer 
	Parameter P_TKEEP_INDX bound to: 128 - type: integer 
	Parameter P_TLAST_INDX bound to: 128 - type: integer 
	Parameter P_TID_INDX bound to: 129 - type: integer 
	Parameter P_TDEST_INDX bound to: 129 - type: integer 
	Parameter P_TUSER_INDX bound to: 129 - type: integer 
INFO: [Synth 8-256] done synthesizing module 'axis_infrastructure_v1_1_0_util_vector2axis' (2#1) [c:/Users/ZdunekPC/Documents/Spektrop2/Vivado/Spektrop2_CMV4000_V3/Spektrop2_CMV4000_V2.srcs/sources_1/bd/sensor_readout/ipshared/0ab1/hdl/axis_infrastructure_v1_1_vl_rfs.v:992]
INFO: [Synth 8-256] done synthesizing module 'axis_combiner_v1_1_14_top' (3#1) [c:/Users/ZdunekPC/Documents/Spektrop2/Vivado/Spektrop2_CMV4000_V3/Spektrop2_CMV4000_V2.srcs/sources_1/bd/sensor_readout/ipshared/cf24/hdl/axis_combiner_v1_1_vl_rfs.v:56]
INFO: [Synth 8-256] done synthesizing module 'sensor_readout_axis_combiner_0_0' (4#1) [c:/Users/ZdunekPC/Documents/Spektrop2/Vivado/Spektrop2_CMV4000_V3/Spektrop2_CMV4000_V2.srcs/sources_1/bd/sensor_readout/ip/sensor_readout_axis_combiner_0_0/synth/sensor_readout_axis_combiner_0_0.v:57]
WARNING: [Synth 8-3331] design axis_infrastructure_v1_1_0_util_axis2vector has unconnected port TSTRB[15]
WARNING: [Synth 8-3331] design axis_infrastructure_v1_1_0_util_axis2vector has unconnected port TSTRB[14]
WARNING: [Synth 8-3331] design axis_infrastructure_v1_1_0_util_axis2vector has unconnected port TSTRB[13]
WARNING: [Synth 8-3331] design axis_infrastructure_v1_1_0_util_axis2vector has unconnected port TSTRB[12]
WARNING: [Synth 8-3331] design axis_infrastructure_v1_1_0_util_axis2vector has unconnected port TSTRB[11]
WARNING: [Synth 8-3331] design axis_infrastructure_v1_1_0_util_axis2vector has unconnected port TSTRB[10]
WARNING: [Synth 8-3331] design axis_infrastructure_v1_1_0_util_axis2vector has unconnected port TSTRB[9]
WARNING: [Synth 8-3331] design axis_infrastructure_v1_1_0_util_axis2vector has unconnected port TSTRB[8]
WARNING: [Synth 8-3331] design axis_infrastructure_v1_1_0_util_axis2vector has unconnected port TSTRB[7]
WARNING: [Synth 8-3331] design axis_infrastructure_v1_1_0_util_axis2vector has unconnected port TSTRB[6]
WARNING: [Synth 8-3331] design axis_infrastructure_v1_1_0_util_axis2vector has unconnected port TSTRB[5]
WARNING: [Synth 8-3331] design axis_infrastructure_v1_1_0_util_axis2vector has unconnected port TSTRB[4]
WARNING: [Synth 8-3331] design axis_infrastructure_v1_1_0_util_axis2vector has unconnected port TSTRB[3]
WARNING: [Synth 8-3331] design axis_infrastructure_v1_1_0_util_axis2vector has unconnected port TSTRB[2]
WARNING: [Synth 8-3331] design axis_infrastructure_v1_1_0_util_axis2vector has unconnected port TSTRB[1]
WARNING: [Synth 8-3331] design axis_infrastructure_v1_1_0_util_axis2vector has unconnected port TSTRB[0]
WARNING: [Synth 8-3331] design axis_infrastructure_v1_1_0_util_axis2vector has unconnected port TKEEP[15]
WARNING: [Synth 8-3331] design axis_infrastructure_v1_1_0_util_axis2vector has unconnected port TKEEP[14]
WARNING: [Synth 8-3331] design axis_infrastructure_v1_1_0_util_axis2vector has unconnected port TKEEP[13]
WARNING: [Synth 8-3331] design axis_infrastructure_v1_1_0_util_axis2vector has unconnected port TKEEP[12]
WARNING: [Synth 8-3331] design axis_infrastructure_v1_1_0_util_axis2vector has unconnected port TKEEP[11]
WARNING: [Synth 8-3331] design axis_infrastructure_v1_1_0_util_axis2vector has unconnected port TKEEP[10]
WARNING: [Synth 8-3331] design axis_infrastructure_v1_1_0_util_axis2vector has unconnected port TKEEP[9]
WARNING: [Synth 8-3331] design axis_infrastructure_v1_1_0_util_axis2vector has unconnected port TKEEP[8]
WARNING: [Synth 8-3331] design axis_infrastructure_v1_1_0_util_axis2vector has unconnected port TKEEP[7]
WARNING: [Synth 8-3331] design axis_infrastructure_v1_1_0_util_axis2vector has unconnected port TKEEP[6]
WARNING: [Synth 8-3331] design axis_infrastructure_v1_1_0_util_axis2vector has unconnected port TKEEP[5]
WARNING: [Synth 8-3331] design axis_infrastructure_v1_1_0_util_axis2vector has unconnected port TKEEP[4]
WARNING: [Synth 8-3331] design axis_infrastructure_v1_1_0_util_axis2vector has unconnected port TKEEP[3]
WARNING: [Synth 8-3331] design axis_infrastructure_v1_1_0_util_axis2vector has unconnected port TKEEP[2]
WARNING: [Synth 8-3331] design axis_infrastructure_v1_1_0_util_axis2vector has unconnected port TKEEP[1]
WARNING: [Synth 8-3331] design axis_infrastructure_v1_1_0_util_axis2vector has unconnected port TKEEP[0]
WARNING: [Synth 8-3331] design axis_infrastructure_v1_1_0_util_axis2vector has unconnected port TID[0]
WARNING: [Synth 8-3331] design axis_infrastructure_v1_1_0_util_axis2vector has unconnected port TDEST[0]
WARNING: [Synth 8-3331] design axis_combiner_v1_1_14_top has unconnected port s_axis_tid[1]
WARNING: [Synth 8-3331] design axis_combiner_v1_1_14_top has unconnected port s_axis_tdest[1]
---------------------------------------------------------------------------------
Finished RTL Elaboration : Time (s): cpu = 00:00:09 ; elapsed = 00:00:09 . Memory (MB): peak = 415.594 ; gain = 153.762
---------------------------------------------------------------------------------

Report Check Netlist: 
+------+------------------+-------+---------+-------+------------------+
|      |Item              |Errors |Warnings |Status |Description       |
+------+------------------+-------+---------+-------+------------------+
|1     |multi_driven_nets |      0|        0|Passed |Multi driven nets |
+------+------------------+-------+---------+-------+------------------+
---------------------------------------------------------------------------------
Finished RTL Optimization Phase 1 : Time (s): cpu = 00:00:09 ; elapsed = 00:00:09 . Memory (MB): peak = 415.594 ; gain = 153.762
---------------------------------------------------------------------------------
INFO: [Device 21-403] Loading part xc7z015clg485-3
INFO: [Project 1-570] Preparing netlist for logic optimization

Processing XDC Constraints
Initializing timing engine
Parsing XDC File [c:/Users/ZdunekPC/Documents/Spektrop2/Vivado/Spektrop2_CMV4000_V3/Spektrop2_CMV4000_V2.srcs/sources_1/bd/sensor_readout/ip/sensor_readout_axis_combiner_0_0/sensor_readout_axis_combiner_0_0_ooc.xdc] for cell 'inst'
Finished Parsing XDC File [c:/Users/ZdunekPC/Documents/Spektrop2/Vivado/Spektrop2_CMV4000_V3/Spektrop2_CMV4000_V2.srcs/sources_1/bd/sensor_readout/ip/sensor_readout_axis_combiner_0_0/sensor_readout_axis_combiner_0_0_ooc.xdc] for cell 'inst'
Parsing XDC File [C:/Users/ZdunekPC/Documents/Spektrop2/Vivado/Spektrop2_CMV4000_V3/Spektrop2_CMV4000_V2.runs/sensor_readout_axis_combiner_0_0_synth_1/dont_touch.xdc]
Finished Parsing XDC File [C:/Users/ZdunekPC/Documents/Spektrop2/Vivado/Spektrop2_CMV4000_V3/Spektrop2_CMV4000_V2.runs/sensor_readout_axis_combiner_0_0_synth_1/dont_touch.xdc]
Completed Processing XDC Constraints

INFO: [Project 1-111] Unisim Transformation Summary:
No Unisim elements were transformed.

Constraint Validation Runtime : Time (s): cpu = 00:00:00 ; elapsed = 00:00:00.016 . Memory (MB): peak = 742.934 ; gain = 0.000
---------------------------------------------------------------------------------
Finished Constraint Validation : Time (s): cpu = 00:00:25 ; elapsed = 00:00:26 . Memory (MB): peak = 742.934 ; gain = 481.102
---------------------------------------------------------------------------------
---------------------------------------------------------------------------------
Start Loading Part and Timing Information
---------------------------------------------------------------------------------
Loading part: xc7z015clg485-3
---------------------------------------------------------------------------------
Finished Loading Part and Timing Information : Time (s): cpu = 00:00:25 ; elapsed = 00:00:26 . Memory (MB): peak = 742.934 ; gain = 481.102
---------------------------------------------------------------------------------
---------------------------------------------------------------------------------
Start Applying 'set_property' XDC Constraints
---------------------------------------------------------------------------------
Applied set_property DONT_TOUCH = true for inst. (constraint file  C:/Users/ZdunekPC/Documents/Spektrop2/Vivado/Spektrop2_CMV4000_V3/Spektrop2_CMV4000_V2.runs/sensor_readout_axis_combiner_0_0_synth_1/dont_touch.xdc, line 9).
---------------------------------------------------------------------------------
Finished applying 'set_property' XDC Constraints : Time (s): cpu = 00:00:25 ; elapsed = 00:00:26 . Memory (MB): peak = 742.934 ; gain = 481.102
---------------------------------------------------------------------------------
---------------------------------------------------------------------------------
Finished RTL Optimization Phase 2 : Time (s): cpu = 00:00:25 ; elapsed = 00:00:26 . Memory (MB): peak = 742.934 ; gain = 481.102
---------------------------------------------------------------------------------

Report RTL Partitions: 
+-+--------------+------------+----------+
| |RTL Partition |Replication |Instances |
+-+--------------+------------+----------+
+-+--------------+------------+----------+
---------------------------------------------------------------------------------
Start RTL Component Statistics 
---------------------------------------------------------------------------------
Detailed RTL Component Info : 
+---XORs : 
	   2 Input      1 Bit         XORs := 2     
+---Registers : 
	                1 Bit    Registers := 2     
+---Muxes : 
	   2 Input      1 Bit        Muxes := 2     
---------------------------------------------------------------------------------
Finished RTL Component Statistics 
---------------------------------------------------------------------------------
---------------------------------------------------------------------------------
Start RTL Hierarchical Component Statistics 
---------------------------------------------------------------------------------
Hierarchical RTL Component report 
Module axis_combiner_v1_1_14_top 
Detailed RTL Component Info : 
+---XORs : 
	   2 Input      1 Bit         XORs := 2     
+---Registers : 
	                1 Bit    Registers := 2     
+---Muxes : 
	   2 Input      1 Bit        Muxes := 2     
---------------------------------------------------------------------------------
Finished RTL Hierarchical Component Statistics
---------------------------------------------------------------------------------
---------------------------------------------------------------------------------
Start Part Resource Summary
---------------------------------------------------------------------------------
Part Resources:
DSPs: 160 (col length:60)
BRAMs: 190 (col length: RAMB18 60 RAMB36 30)
---------------------------------------------------------------------------------
Finished Part Resource Summary
---------------------------------------------------------------------------------
---------------------------------------------------------------------------------
Start Cross Boundary and Area Optimization
---------------------------------------------------------------------------------
WARNING: [Synth 8-3331] design axis_combiner_v1_1_14_top has unconnected port s_axis_tstrb[15]
WARNING: [Synth 8-3331] design axis_combiner_v1_1_14_top has unconnected port s_axis_tstrb[14]
WARNING: [Synth 8-3331] design axis_combiner_v1_1_14_top has unconnected port s_axis_tstrb[13]
WARNING: [Synth 8-3331] design axis_combiner_v1_1_14_top has unconnected port s_axis_tstrb[12]
WARNING: [Synth 8-3331] design axis_combiner_v1_1_14_top has unconnected port s_axis_tstrb[11]
WARNING: [Synth 8-3331] design axis_combiner_v1_1_14_top has unconnected port s_axis_tstrb[10]
WARNING: [Synth 8-3331] design axis_combiner_v1_1_14_top has unconnected port s_axis_tstrb[9]
WARNING: [Synth 8-3331] design axis_combiner_v1_1_14_top has unconnected port s_axis_tstrb[8]
WARNING: [Synth 8-3331] design axis_combiner_v1_1_14_top has unconnected port s_axis_tstrb[7]
WARNING: [Synth 8-3331] design axis_combiner_v1_1_14_top has unconnected port s_axis_tstrb[6]
WARNING: [Synth 8-3331] design axis_combiner_v1_1_14_top has unconnected port s_axis_tstrb[5]
WARNING: [Synth 8-3331] design axis_combiner_v1_1_14_top has unconnected port s_axis_tstrb[4]
WARNING: [Synth 8-3331] design axis_combiner_v1_1_14_top has unconnected port s_axis_tstrb[3]
WARNING: [Synth 8-3331] design axis_combiner_v1_1_14_top has unconnected port s_axis_tstrb[2]
WARNING: [Synth 8-3331] design axis_combiner_v1_1_14_top has unconnected port s_axis_tstrb[1]
WARNING: [Synth 8-3331] design axis_combiner_v1_1_14_top has unconnected port s_axis_tstrb[0]
WARNING: [Synth 8-3331] design axis_combiner_v1_1_14_top has unconnected port s_axis_tkeep[15]
WARNING: [Synth 8-3331] design axis_combiner_v1_1_14_top has unconnected port s_axis_tkeep[14]
WARNING: [Synth 8-3331] design axis_combiner_v1_1_14_top has unconnected port s_axis_tkeep[13]
WARNING: [Synth 8-3331] design axis_combiner_v1_1_14_top has unconnected port s_axis_tkeep[12]
WARNING: [Synth 8-3331] design axis_combiner_v1_1_14_top has unconnected port s_axis_tkeep[11]
WARNING: [Synth 8-3331] design axis_combiner_v1_1_14_top has unconnected port s_axis_tkeep[10]
WARNING: [Synth 8-3331] design axis_combiner_v1_1_14_top has unconnected port s_axis_tkeep[9]
WARNING: [Synth 8-3331] design axis_combiner_v1_1_14_top has unconnected port s_axis_tkeep[8]
WARNING: [Synth 8-3331] design axis_combiner_v1_1_14_top has unconnected port s_axis_tkeep[7]
WARNING: [Synth 8-3331] design axis_combiner_v1_1_14_top has unconnected port s_axis_tkeep[6]
WARNING: [Synth 8-3331] design axis_combiner_v1_1_14_top has unconnected port s_axis_tkeep[5]
WARNING: [Synth 8-3331] design axis_combiner_v1_1_14_top has unconnected port s_axis_tkeep[4]
WARNING: [Synth 8-3331] design axis_combiner_v1_1_14_top has unconnected port s_axis_tkeep[3]
WARNING: [Synth 8-3331] design axis_combiner_v1_1_14_top has unconnected port s_axis_tkeep[2]
WARNING: [Synth 8-3331] design axis_combiner_v1_1_14_top has unconnected port s_axis_tkeep[1]
WARNING: [Synth 8-3331] design axis_combiner_v1_1_14_top has unconnected port s_axis_tkeep[0]
WARNING: [Synth 8-3331] design axis_combiner_v1_1_14_top has unconnected port s_axis_tid[1]
WARNING: [Synth 8-3331] design axis_combiner_v1_1_14_top has unconnected port s_axis_tid[0]
WARNING: [Synth 8-3331] design axis_combiner_v1_1_14_top has unconnected port s_axis_tdest[1]
WARNING: [Synth 8-3331] design axis_combiner_v1_1_14_top has unconnected port s_axis_tdest[0]
---------------------------------------------------------------------------------
Finished Cross Boundary and Area Optimization : Time (s): cpu = 00:00:26 ; elapsed = 00:00:27 . Memory (MB): peak = 742.934 ; gain = 481.102
---------------------------------------------------------------------------------

Report RTL Partitions: 
+-+--------------+------------+----------+
| |RTL Partition |Replication |Instances |
+-+--------------+------------+----------+
+-+--------------+------------+----------+
---------------------------------------------------------------------------------
Start Applying XDC Timing Constraints
---------------------------------------------------------------------------------
---------------------------------------------------------------------------------
Finished Applying XDC Timing Constraints : Time (s): cpu = 00:00:38 ; elapsed = 00:00:40 . Memory (MB): peak = 764.262 ; gain = 502.430
---------------------------------------------------------------------------------
---------------------------------------------------------------------------------
Start Timing Optimization
---------------------------------------------------------------------------------
---------------------------------------------------------------------------------
Finished Timing Optimization : Time (s): cpu = 00:00:38 ; elapsed = 00:00:40 . Memory (MB): peak = 773.801 ; gain = 511.969
---------------------------------------------------------------------------------

Report RTL Partitions: 
+-+--------------+------------+----------+
| |RTL Partition |Replication |Instances |
+-+--------------+------------+----------+
+-+--------------+------------+----------+
---------------------------------------------------------------------------------
Start Technology Mapping
---------------------------------------------------------------------------------
---------------------------------------------------------------------------------
Finished Technology Mapping : Time (s): cpu = 00:00:38 ; elapsed = 00:00:40 . Memory (MB): peak = 783.832 ; gain = 522.000
---------------------------------------------------------------------------------

Report RTL Partitions: 
+-+--------------+------------+----------+
| |RTL Partition |Replication |Instances |
+-+--------------+------------+----------+
+-+--------------+------------+----------+
---------------------------------------------------------------------------------
Start IO Insertion
---------------------------------------------------------------------------------
---------------------------------------------------------------------------------
Start Flattening Before IO Insertion
---------------------------------------------------------------------------------
---------------------------------------------------------------------------------
Finished Flattening Before IO Insertion
---------------------------------------------------------------------------------
---------------------------------------------------------------------------------
Start Final Netlist Cleanup
---------------------------------------------------------------------------------
---------------------------------------------------------------------------------
Finished Final Netlist Cleanup
---------------------------------------------------------------------------------
---------------------------------------------------------------------------------
Finished IO Insertion : Time (s): cpu = 00:00:40 ; elapsed = 00:00:41 . Memory (MB): peak = 783.832 ; gain = 522.000
---------------------------------------------------------------------------------

Report Check Netlist: 
+------+------------------+-------+---------+-------+------------------+
|      |Item              |Errors |Warnings |Status |Description       |
+------+------------------+-------+---------+-------+------------------+
|1     |multi_driven_nets |      0|        0|Passed |Multi driven nets |
+------+------------------+-------+---------+-------+------------------+
---------------------------------------------------------------------------------
Start Renaming Generated Instances
---------------------------------------------------------------------------------
---------------------------------------------------------------------------------
Finished Renaming Generated Instances : Time (s): cpu = 00:00:40 ; elapsed = 00:00:41 . Memory (MB): peak = 783.832 ; gain = 522.000
---------------------------------------------------------------------------------

Report RTL Partitions: 
+-+--------------+------------+----------+
| |RTL Partition |Replication |Instances |
+-+--------------+------------+----------+
+-+--------------+------------+----------+
---------------------------------------------------------------------------------
Start Rebuilding User Hierarchy
---------------------------------------------------------------------------------
---------------------------------------------------------------------------------
Finished Rebuilding User Hierarchy : Time (s): cpu = 00:00:40 ; elapsed = 00:00:41 . Memory (MB): peak = 783.832 ; gain = 522.000
---------------------------------------------------------------------------------
---------------------------------------------------------------------------------
Start Renaming Generated Ports
---------------------------------------------------------------------------------
---------------------------------------------------------------------------------
Finished Renaming Generated Ports : Time (s): cpu = 00:00:40 ; elapsed = 00:00:41 . Memory (MB): peak = 783.832 ; gain = 522.000
---------------------------------------------------------------------------------
---------------------------------------------------------------------------------
Start Handling Custom Attributes
---------------------------------------------------------------------------------
---------------------------------------------------------------------------------
Finished Handling Custom Attributes : Time (s): cpu = 00:00:40 ; elapsed = 00:00:41 . Memory (MB): peak = 783.832 ; gain = 522.000
---------------------------------------------------------------------------------
---------------------------------------------------------------------------------
Start Renaming Generated Nets
---------------------------------------------------------------------------------
---------------------------------------------------------------------------------
Finished Renaming Generated Nets : Time (s): cpu = 00:00:40 ; elapsed = 00:00:41 . Memory (MB): peak = 783.832 ; gain = 522.000
---------------------------------------------------------------------------------
---------------------------------------------------------------------------------
Start Writing Synthesis Report
---------------------------------------------------------------------------------

Report BlackBoxes: 
+-+--------------+----------+
| |BlackBox name |Instances |
+-+--------------+----------+
+-+--------------+----------+

Report Cell Usage: 
+------+-----+------+
|      |Cell |Count |
+------+-----+------+
|1     |LUT3 |     2|
|2     |LUT4 |     1|
|3     |LUT5 |     1|
|4     |LUT6 |     1|
|5     |FDRE |     2|
+------+-----+------+

Report Instance Areas: 
+------+---------+--------------------------+------+
|      |Instance |Module                    |Cells |
+------+---------+--------------------------+------+
|1     |top      |                          |     7|
|2     |  inst   |axis_combiner_v1_1_14_top |     7|
+------+---------+--------------------------+------+
---------------------------------------------------------------------------------
Finished Writing Synthesis Report : Time (s): cpu = 00:00:40 ; elapsed = 00:00:41 . Memory (MB): peak = 783.832 ; gain = 522.000
---------------------------------------------------------------------------------
Synthesis finished with 0 errors, 0 critical warnings and 36 warnings.
Synthesis Optimization Runtime : Time (s): cpu = 00:00:22 ; elapsed = 00:00:32 . Memory (MB): peak = 783.832 ; gain = 194.660
Synthesis Optimization Complete : Time (s): cpu = 00:00:40 ; elapsed = 00:00:41 . Memory (MB): peak = 783.832 ; gain = 522.000
INFO: [Project 1-571] Translating synthesized netlist
INFO: [Project 1-570] Preparing netlist for logic optimization
INFO: [Opt 31-138] Pushed 0 inverter(s) to 0 load pin(s).
INFO: [Project 1-111] Unisim Transformation Summary:
No Unisim elements were transformed.

INFO: [Common 17-83] Releasing license: Synthesis
17 Infos, 72 Warnings, 0 Critical Warnings and 0 Errors encountered.
synth_design completed successfully
synth_design: Time (s): cpu = 00:00:42 ; elapsed = 00:00:44 . Memory (MB): peak = 787.496 ; gain = 537.137
INFO: [Common 17-1381] The checkpoint 'C:/Users/ZdunekPC/Documents/Spektrop2/Vivado/Spektrop2_CMV4000_V3/Spektrop2_CMV4000_V2.runs/sensor_readout_axis_combiner_0_0_synth_1/sensor_readout_axis_combiner_0_0.dcp' has been generated.
