
*** Running vivado
    with args -log sensor_readout_axis_dwidth_converter_0_0.vds -m64 -product Vivado -mode batch -messageDb vivado.pb -notrace -source sensor_readout_axis_dwidth_converter_0_0.tcl


****** Vivado v2017.4 (64-bit)
  **** SW Build 2086221 on Fri Dec 15 20:55:39 MST 2017
  **** IP Build 2085800 on Fri Dec 15 22:25:07 MST 2017
    ** Copyright 1986-2017 Xilinx, Inc. All Rights Reserved.

source sensor_readout_axis_dwidth_converter_0_0.tcl -notrace
Command: synth_design -top sensor_readout_axis_dwidth_converter_0_0 -part xc7z015clg485-3 -mode out_of_context
Starting synth_design
Attempting to get a license for feature 'Synthesis' and/or device 'xc7z015'
INFO: [Common 17-349] Got license for feature 'Synthesis' and/or device 'xc7z015'
INFO: Launching helper process for spawning children vivado processes
INFO: Helper process launched with PID 15500 
---------------------------------------------------------------------------------
Starting RTL Elaboration : Time (s): cpu = 00:00:08 ; elapsed = 00:00:08 . Memory (MB): peak = 364.027 ; gain = 102.938
---------------------------------------------------------------------------------
INFO: [Synth 8-638] synthesizing module 'sensor_readout_axis_dwidth_converter_0_0' [c:/Users/ZdunekPC/Documents/Spektrop2/Vivado/Spektrop2_CMV4000_V3/Spektrop2_CMV4000_V2.srcs/sources_1/bd/sensor_readout/ip/sensor_readout_axis_dwidth_converter_0_0/synth/sensor_readout_axis_dwidth_converter_0_0.v:57]
INFO: [Synth 8-638] synthesizing module 'axis_dwidth_converter_v1_1_14_axis_dwidth_converter' [c:/Users/ZdunekPC/Documents/Spektrop2/Vivado/Spektrop2_CMV4000_V3/Spektrop2_CMV4000_V2.srcs/sources_1/bd/sensor_readout/ipshared/1019/hdl/axis_dwidth_converter_v1_1_vl_rfs.v:809]
	Parameter C_FAMILY bound to: zynq - type: string 
	Parameter C_S_AXIS_TDATA_WIDTH bound to: 128 - type: integer 
	Parameter C_M_AXIS_TDATA_WIDTH bound to: 32 - type: integer 
	Parameter C_AXIS_TID_WIDTH bound to: 1 - type: integer 
	Parameter C_AXIS_TDEST_WIDTH bound to: 1 - type: integer 
	Parameter C_S_AXIS_TUSER_WIDTH bound to: 1 - type: integer 
	Parameter C_M_AXIS_TUSER_WIDTH bound to: 1 - type: integer 
	Parameter C_AXIS_SIGNAL_SET bound to: 32'b00000000000000000000000000010011 
	Parameter G_INDX_SS_TREADY bound to: 0 - type: integer 
	Parameter G_INDX_SS_TDATA bound to: 1 - type: integer 
	Parameter G_INDX_SS_TSTRB bound to: 2 - type: integer 
	Parameter G_INDX_SS_TKEEP bound to: 3 - type: integer 
	Parameter G_INDX_SS_TLAST bound to: 4 - type: integer 
	Parameter G_INDX_SS_TID bound to: 5 - type: integer 
	Parameter G_INDX_SS_TDEST bound to: 6 - type: integer 
	Parameter G_INDX_SS_TUSER bound to: 7 - type: integer 
	Parameter G_MASK_SS_TREADY bound to: 1 - type: integer 
	Parameter G_MASK_SS_TDATA bound to: 2 - type: integer 
	Parameter G_MASK_SS_TSTRB bound to: 4 - type: integer 
	Parameter G_MASK_SS_TKEEP bound to: 8 - type: integer 
	Parameter G_MASK_SS_TLAST bound to: 16 - type: integer 
	Parameter G_MASK_SS_TID bound to: 32 - type: integer 
	Parameter G_MASK_SS_TDEST bound to: 64 - type: integer 
	Parameter G_MASK_SS_TUSER bound to: 128 - type: integer 
	Parameter G_TASK_SEVERITY_ERR bound to: 2 - type: integer 
	Parameter G_TASK_SEVERITY_WARNING bound to: 1 - type: integer 
	Parameter G_TASK_SEVERITY_INFO bound to: 0 - type: integer 
	Parameter P_SS_TKEEP_REQUIRED bound to: 8 - type: integer 
	Parameter P_AXIS_SIGNAL_SET bound to: 32'b00000000000000000000000000011011 
	Parameter P_S_RATIO bound to: 1 - type: integer 
	Parameter P_M_RATIO bound to: 4 - type: integer 
	Parameter P_D2_TDATA_WIDTH bound to: 128 - type: integer 
	Parameter P_D1_TUSER_WIDTH bound to: 16 - type: integer 
	Parameter P_D2_TUSER_WIDTH bound to: 16 - type: integer 
	Parameter P_D3_TUSER_WIDTH bound to: 4 - type: integer 
	Parameter P_D1_REG_CONFIG bound to: 0 - type: integer 
	Parameter P_D3_REG_CONFIG bound to: 0 - type: integer 
INFO: [Synth 8-638] synthesizing module 'axis_dwidth_converter_v1_1_14_axisc_downsizer' [c:/Users/ZdunekPC/Documents/Spektrop2/Vivado/Spektrop2_CMV4000_V3/Spektrop2_CMV4000_V2.srcs/sources_1/bd/sensor_readout/ipshared/1019/hdl/axis_dwidth_converter_v1_1_vl_rfs.v:62]
	Parameter C_FAMILY bound to: zynq - type: string 
	Parameter C_S_AXIS_TDATA_WIDTH bound to: 128 - type: integer 
	Parameter C_M_AXIS_TDATA_WIDTH bound to: 32 - type: integer 
	Parameter C_AXIS_TID_WIDTH bound to: 1 - type: integer 
	Parameter C_AXIS_TDEST_WIDTH bound to: 1 - type: integer 
	Parameter C_S_AXIS_TUSER_WIDTH bound to: 16 - type: integer 
	Parameter C_M_AXIS_TUSER_WIDTH bound to: 4 - type: integer 
	Parameter C_AXIS_SIGNAL_SET bound to: 32'b00000000000000000000000000011011 
	Parameter C_RATIO bound to: 4 - type: integer 
	Parameter G_INDX_SS_TREADY bound to: 0 - type: integer 
	Parameter G_INDX_SS_TDATA bound to: 1 - type: integer 
	Parameter G_INDX_SS_TSTRB bound to: 2 - type: integer 
	Parameter G_INDX_SS_TKEEP bound to: 3 - type: integer 
	Parameter G_INDX_SS_TLAST bound to: 4 - type: integer 
	Parameter G_INDX_SS_TID bound to: 5 - type: integer 
	Parameter G_INDX_SS_TDEST bound to: 6 - type: integer 
	Parameter G_INDX_SS_TUSER bound to: 7 - type: integer 
	Parameter G_MASK_SS_TREADY bound to: 1 - type: integer 
	Parameter G_MASK_SS_TDATA bound to: 2 - type: integer 
	Parameter G_MASK_SS_TSTRB bound to: 4 - type: integer 
	Parameter G_MASK_SS_TKEEP bound to: 8 - type: integer 
	Parameter G_MASK_SS_TLAST bound to: 16 - type: integer 
	Parameter G_MASK_SS_TID bound to: 32 - type: integer 
	Parameter G_MASK_SS_TDEST bound to: 64 - type: integer 
	Parameter G_MASK_SS_TUSER bound to: 128 - type: integer 
	Parameter G_TASK_SEVERITY_ERR bound to: 2 - type: integer 
	Parameter G_TASK_SEVERITY_WARNING bound to: 1 - type: integer 
	Parameter G_TASK_SEVERITY_INFO bound to: 0 - type: integer 
	Parameter P_S_AXIS_TSTRB_WIDTH bound to: 16 - type: integer 
	Parameter P_M_AXIS_TSTRB_WIDTH bound to: 4 - type: integer 
	Parameter P_RATIO_WIDTH bound to: 2 - type: integer 
	Parameter SM_RESET bound to: 3'b000 
	Parameter SM_IDLE bound to: 3'b001 
	Parameter SM_ACTIVE bound to: 3'b010 
	Parameter SM_END bound to: 3'b011 
	Parameter SM_END_TO_ACTIVE bound to: 3'b110 
INFO: [Synth 8-256] done synthesizing module 'axis_dwidth_converter_v1_1_14_axisc_downsizer' (1#1) [c:/Users/ZdunekPC/Documents/Spektrop2/Vivado/Spektrop2_CMV4000_V3/Spektrop2_CMV4000_V2.srcs/sources_1/bd/sensor_readout/ipshared/1019/hdl/axis_dwidth_converter_v1_1_vl_rfs.v:62]
INFO: [Synth 8-638] synthesizing module 'axis_register_slice_v1_1_15_axis_register_slice' [c:/Users/ZdunekPC/Documents/Spektrop2/Vivado/Spektrop2_CMV4000_V3/Spektrop2_CMV4000_V2.srcs/sources_1/bd/sensor_readout/ipshared/cd45/hdl/axis_register_slice_v1_1_vl_rfs.v:1325]
	Parameter C_FAMILY bound to: zynq - type: string 
	Parameter C_AXIS_TDATA_WIDTH bound to: 128 - type: integer 
	Parameter C_AXIS_TID_WIDTH bound to: 1 - type: integer 
	Parameter C_AXIS_TDEST_WIDTH bound to: 1 - type: integer 
	Parameter C_AXIS_TUSER_WIDTH bound to: 16 - type: integer 
	Parameter C_AXIS_SIGNAL_SET bound to: 32'b00000000000000000000000000011011 
	Parameter C_REG_CONFIG bound to: 0 - type: integer 
	Parameter G_INDX_SS_TREADY bound to: 0 - type: integer 
	Parameter G_INDX_SS_TDATA bound to: 1 - type: integer 
	Parameter G_INDX_SS_TSTRB bound to: 2 - type: integer 
	Parameter G_INDX_SS_TKEEP bound to: 3 - type: integer 
	Parameter G_INDX_SS_TLAST bound to: 4 - type: integer 
	Parameter G_INDX_SS_TID bound to: 5 - type: integer 
	Parameter G_INDX_SS_TDEST bound to: 6 - type: integer 
	Parameter G_INDX_SS_TUSER bound to: 7 - type: integer 
	Parameter G_MASK_SS_TREADY bound to: 1 - type: integer 
	Parameter G_MASK_SS_TDATA bound to: 2 - type: integer 
	Parameter G_MASK_SS_TSTRB bound to: 4 - type: integer 
	Parameter G_MASK_SS_TKEEP bound to: 8 - type: integer 
	Parameter G_MASK_SS_TLAST bound to: 16 - type: integer 
	Parameter G_MASK_SS_TID bound to: 32 - type: integer 
	Parameter G_MASK_SS_TDEST bound to: 64 - type: integer 
	Parameter G_MASK_SS_TUSER bound to: 128 - type: integer 
	Parameter G_TASK_SEVERITY_ERR bound to: 2 - type: integer 
	Parameter G_TASK_SEVERITY_WARNING bound to: 1 - type: integer 
	Parameter G_TASK_SEVERITY_INFO bound to: 0 - type: integer 
	Parameter P_TPAYLOAD_WIDTH bound to: 145 - type: integer 
INFO: [Synth 8-638] synthesizing module 'axis_infrastructure_v1_1_0_util_axis2vector' [c:/Users/ZdunekPC/Documents/Spektrop2/Vivado/Spektrop2_CMV4000_V3/Spektrop2_CMV4000_V2.srcs/sources_1/bd/sensor_readout/ipshared/0ab1/hdl/axis_infrastructure_v1_1_vl_rfs.v:810]
	Parameter C_TDATA_WIDTH bound to: 128 - type: integer 
	Parameter C_TID_WIDTH bound to: 1 - type: integer 
	Parameter C_TDEST_WIDTH bound to: 1 - type: integer 
	Parameter C_TUSER_WIDTH bound to: 16 - type: integer 
	Parameter C_TPAYLOAD_WIDTH bound to: 145 - type: integer 
	Parameter C_SIGNAL_SET bound to: 32'b00000000000000000000000000011011 
	Parameter G_INDX_SS_TREADY bound to: 0 - type: integer 
	Parameter G_INDX_SS_TDATA bound to: 1 - type: integer 
	Parameter G_INDX_SS_TSTRB bound to: 2 - type: integer 
	Parameter G_INDX_SS_TKEEP bound to: 3 - type: integer 
	Parameter G_INDX_SS_TLAST bound to: 4 - type: integer 
	Parameter G_INDX_SS_TID bound to: 5 - type: integer 
	Parameter G_INDX_SS_TDEST bound to: 6 - type: integer 
	Parameter G_INDX_SS_TUSER bound to: 7 - type: integer 
	Parameter G_MASK_SS_TREADY bound to: 1 - type: integer 
	Parameter G_MASK_SS_TDATA bound to: 2 - type: integer 
	Parameter G_MASK_SS_TSTRB bound to: 4 - type: integer 
	Parameter G_MASK_SS_TKEEP bound to: 8 - type: integer 
	Parameter G_MASK_SS_TLAST bound to: 16 - type: integer 
	Parameter G_MASK_SS_TID bound to: 32 - type: integer 
	Parameter G_MASK_SS_TDEST bound to: 64 - type: integer 
	Parameter G_MASK_SS_TUSER bound to: 128 - type: integer 
	Parameter G_TASK_SEVERITY_ERR bound to: 2 - type: integer 
	Parameter G_TASK_SEVERITY_WARNING bound to: 1 - type: integer 
	Parameter G_TASK_SEVERITY_INFO bound to: 0 - type: integer 
	Parameter P_TDATA_INDX bound to: 0 - type: integer 
	Parameter P_TSTRB_INDX bound to: 128 - type: integer 
	Parameter P_TKEEP_INDX bound to: 128 - type: integer 
	Parameter P_TLAST_INDX bound to: 144 - type: integer 
	Parameter P_TID_INDX bound to: 145 - type: integer 
	Parameter P_TDEST_INDX bound to: 145 - type: integer 
	Parameter P_TUSER_INDX bound to: 145 - type: integer 
INFO: [Synth 8-256] done synthesizing module 'axis_infrastructure_v1_1_0_util_axis2vector' (2#1) [c:/Users/ZdunekPC/Documents/Spektrop2/Vivado/Spektrop2_CMV4000_V3/Spektrop2_CMV4000_V2.srcs/sources_1/bd/sensor_readout/ipshared/0ab1/hdl/axis_infrastructure_v1_1_vl_rfs.v:810]
INFO: [Synth 8-638] synthesizing module 'axis_register_slice_v1_1_15_axisc_register_slice' [c:/Users/ZdunekPC/Documents/Spektrop2/Vivado/Spektrop2_CMV4000_V3/Spektrop2_CMV4000_V2.srcs/sources_1/bd/sensor_readout/ipshared/cd45/hdl/axis_register_slice_v1_1_vl_rfs.v:556]
	Parameter C_FAMILY bound to: zynq - type: string 
	Parameter C_DATA_WIDTH bound to: 145 - type: integer 
	Parameter C_REG_CONFIG bound to: 0 - type: integer 
INFO: [Synth 8-256] done synthesizing module 'axis_register_slice_v1_1_15_axisc_register_slice' (3#1) [c:/Users/ZdunekPC/Documents/Spektrop2/Vivado/Spektrop2_CMV4000_V3/Spektrop2_CMV4000_V2.srcs/sources_1/bd/sensor_readout/ipshared/cd45/hdl/axis_register_slice_v1_1_vl_rfs.v:556]
INFO: [Synth 8-638] synthesizing module 'axis_infrastructure_v1_1_0_util_vector2axis' [c:/Users/ZdunekPC/Documents/Spektrop2/Vivado/Spektrop2_CMV4000_V3/Spektrop2_CMV4000_V2.srcs/sources_1/bd/sensor_readout/ipshared/0ab1/hdl/axis_infrastructure_v1_1_vl_rfs.v:992]
	Parameter C_TDATA_WIDTH bound to: 128 - type: integer 
	Parameter C_TID_WIDTH bound to: 1 - type: integer 
	Parameter C_TDEST_WIDTH bound to: 1 - type: integer 
	Parameter C_TUSER_WIDTH bound to: 16 - type: integer 
	Parameter C_TPAYLOAD_WIDTH bound to: 145 - type: integer 
	Parameter C_SIGNAL_SET bound to: 32'b00000000000000000000000000011011 
	Parameter G_INDX_SS_TREADY bound to: 0 - type: integer 
	Parameter G_INDX_SS_TDATA bound to: 1 - type: integer 
	Parameter G_INDX_SS_TSTRB bound to: 2 - type: integer 
	Parameter G_INDX_SS_TKEEP bound to: 3 - type: integer 
	Parameter G_INDX_SS_TLAST bound to: 4 - type: integer 
	Parameter G_INDX_SS_TID bound to: 5 - type: integer 
	Parameter G_INDX_SS_TDEST bound to: 6 - type: integer 
	Parameter G_INDX_SS_TUSER bound to: 7 - type: integer 
	Parameter G_MASK_SS_TREADY bound to: 1 - type: integer 
	Parameter G_MASK_SS_TDATA bound to: 2 - type: integer 
	Parameter G_MASK_SS_TSTRB bound to: 4 - type: integer 
	Parameter G_MASK_SS_TKEEP bound to: 8 - type: integer 
	Parameter G_MASK_SS_TLAST bound to: 16 - type: integer 
	Parameter G_MASK_SS_TID bound to: 32 - type: integer 
	Parameter G_MASK_SS_TDEST bound to: 64 - type: integer 
	Parameter G_MASK_SS_TUSER bound to: 128 - type: integer 
	Parameter G_TASK_SEVERITY_ERR bound to: 2 - type: integer 
	Parameter G_TASK_SEVERITY_WARNING bound to: 1 - type: integer 
	Parameter G_TASK_SEVERITY_INFO bound to: 0 - type: integer 
	Parameter P_TDATA_INDX bound to: 0 - type: integer 
	Parameter P_TSTRB_INDX bound to: 128 - type: integer 
	Parameter P_TKEEP_INDX bound to: 128 - type: integer 
	Parameter P_TLAST_INDX bound to: 144 - type: integer 
	Parameter P_TID_INDX bound to: 145 - type: integer 
	Parameter P_TDEST_INDX bound to: 145 - type: integer 
	Parameter P_TUSER_INDX bound to: 145 - type: integer 
INFO: [Synth 8-256] done synthesizing module 'axis_infrastructure_v1_1_0_util_vector2axis' (4#1) [c:/Users/ZdunekPC/Documents/Spektrop2/Vivado/Spektrop2_CMV4000_V3/Spektrop2_CMV4000_V2.srcs/sources_1/bd/sensor_readout/ipshared/0ab1/hdl/axis_infrastructure_v1_1_vl_rfs.v:992]
INFO: [Synth 8-256] done synthesizing module 'axis_register_slice_v1_1_15_axis_register_slice' (5#1) [c:/Users/ZdunekPC/Documents/Spektrop2/Vivado/Spektrop2_CMV4000_V3/Spektrop2_CMV4000_V2.srcs/sources_1/bd/sensor_readout/ipshared/cd45/hdl/axis_register_slice_v1_1_vl_rfs.v:1325]
WARNING: [Synth 8-350] instance 'axis_register_slice_0' of module 'axis_register_slice_v1_1_15_axis_register_slice' requires 22 connections, but only 21 given [c:/Users/ZdunekPC/Documents/Spektrop2/Vivado/Spektrop2_CMV4000_V3/Spektrop2_CMV4000_V2.srcs/sources_1/bd/sensor_readout/ipshared/1019/hdl/axis_dwidth_converter_v1_1_vl_rfs.v:1005]
INFO: [Synth 8-638] synthesizing module 'axis_register_slice_v1_1_15_axis_register_slice__parameterized0' [c:/Users/ZdunekPC/Documents/Spektrop2/Vivado/Spektrop2_CMV4000_V3/Spektrop2_CMV4000_V2.srcs/sources_1/bd/sensor_readout/ipshared/cd45/hdl/axis_register_slice_v1_1_vl_rfs.v:1325]
	Parameter C_FAMILY bound to: zynq - type: string 
	Parameter C_AXIS_TDATA_WIDTH bound to: 32 - type: integer 
	Parameter C_AXIS_TID_WIDTH bound to: 1 - type: integer 
	Parameter C_AXIS_TDEST_WIDTH bound to: 1 - type: integer 
	Parameter C_AXIS_TUSER_WIDTH bound to: 4 - type: integer 
	Parameter C_AXIS_SIGNAL_SET bound to: 32'b00000000000000000000000000011011 
	Parameter C_REG_CONFIG bound to: 0 - type: integer 
	Parameter G_INDX_SS_TREADY bound to: 0 - type: integer 
	Parameter G_INDX_SS_TDATA bound to: 1 - type: integer 
	Parameter G_INDX_SS_TSTRB bound to: 2 - type: integer 
	Parameter G_INDX_SS_TKEEP bound to: 3 - type: integer 
	Parameter G_INDX_SS_TLAST bound to: 4 - type: integer 
	Parameter G_INDX_SS_TID bound to: 5 - type: integer 
	Parameter G_INDX_SS_TDEST bound to: 6 - type: integer 
	Parameter G_INDX_SS_TUSER bound to: 7 - type: integer 
	Parameter G_MASK_SS_TREADY bound to: 1 - type: integer 
	Parameter G_MASK_SS_TDATA bound to: 2 - type: integer 
	Parameter G_MASK_SS_TSTRB bound to: 4 - type: integer 
	Parameter G_MASK_SS_TKEEP bound to: 8 - type: integer 
	Parameter G_MASK_SS_TLAST bound to: 16 - type: integer 
	Parameter G_MASK_SS_TID bound to: 32 - type: integer 
	Parameter G_MASK_SS_TDEST bound to: 64 - type: integer 
	Parameter G_MASK_SS_TUSER bound to: 128 - type: integer 
	Parameter G_TASK_SEVERITY_ERR bound to: 2 - type: integer 
	Parameter G_TASK_SEVERITY_WARNING bound to: 1 - type: integer 
	Parameter G_TASK_SEVERITY_INFO bound to: 0 - type: integer 
	Parameter P_TPAYLOAD_WIDTH bound to: 37 - type: integer 
INFO: [Synth 8-638] synthesizing module 'axis_infrastructure_v1_1_0_util_axis2vector__parameterized0' [c:/Users/ZdunekPC/Documents/Spektrop2/Vivado/Spektrop2_CMV4000_V3/Spektrop2_CMV4000_V2.srcs/sources_1/bd/sensor_readout/ipshared/0ab1/hdl/axis_infrastructure_v1_1_vl_rfs.v:810]
	Parameter C_TDATA_WIDTH bound to: 32 - type: integer 
	Parameter C_TID_WIDTH bound to: 1 - type: integer 
	Parameter C_TDEST_WIDTH bound to: 1 - type: integer 
	Parameter C_TUSER_WIDTH bound to: 4 - type: integer 
	Parameter C_TPAYLOAD_WIDTH bound to: 37 - type: integer 
	Parameter C_SIGNAL_SET bound to: 32'b00000000000000000000000000011011 
	Parameter G_INDX_SS_TREADY bound to: 0 - type: integer 
	Parameter G_INDX_SS_TDATA bound to: 1 - type: integer 
	Parameter G_INDX_SS_TSTRB bound to: 2 - type: integer 
	Parameter G_INDX_SS_TKEEP bound to: 3 - type: integer 
	Parameter G_INDX_SS_TLAST bound to: 4 - type: integer 
	Parameter G_INDX_SS_TID bound to: 5 - type: integer 
	Parameter G_INDX_SS_TDEST bound to: 6 - type: integer 
	Parameter G_INDX_SS_TUSER bound to: 7 - type: integer 
	Parameter G_MASK_SS_TREADY bound to: 1 - type: integer 
	Parameter G_MASK_SS_TDATA bound to: 2 - type: integer 
	Parameter G_MASK_SS_TSTRB bound to: 4 - type: integer 
	Parameter G_MASK_SS_TKEEP bound to: 8 - type: integer 
	Parameter G_MASK_SS_TLAST bound to: 16 - type: integer 
	Parameter G_MASK_SS_TID bound to: 32 - type: integer 
	Parameter G_MASK_SS_TDEST bound to: 64 - type: integer 
	Parameter G_MASK_SS_TUSER bound to: 128 - type: integer 
	Parameter G_TASK_SEVERITY_ERR bound to: 2 - type: integer 
	Parameter G_TASK_SEVERITY_WARNING bound to: 1 - type: integer 
	Parameter G_TASK_SEVERITY_INFO bound to: 0 - type: integer 
	Parameter P_TDATA_INDX bound to: 0 - type: integer 
	Parameter P_TSTRB_INDX bound to: 32 - type: integer 
	Parameter P_TKEEP_INDX bound to: 32 - type: integer 
	Parameter P_TLAST_INDX bound to: 36 - type: integer 
	Parameter P_TID_INDX bound to: 37 - type: integer 
	Parameter P_TDEST_INDX bound to: 37 - type: integer 
	Parameter P_TUSER_INDX bound to: 37 - type: integer 
INFO: [Synth 8-256] done synthesizing module 'axis_infrastructure_v1_1_0_util_axis2vector__parameterized0' (5#1) [c:/Users/ZdunekPC/Documents/Spektrop2/Vivado/Spektrop2_CMV4000_V3/Spektrop2_CMV4000_V2.srcs/sources_1/bd/sensor_readout/ipshared/0ab1/hdl/axis_infrastructure_v1_1_vl_rfs.v:810]
INFO: [Synth 8-638] synthesizing module 'axis_register_slice_v1_1_15_axisc_register_slice__parameterized0' [c:/Users/ZdunekPC/Documents/Spektrop2/Vivado/Spektrop2_CMV4000_V3/Spektrop2_CMV4000_V2.srcs/sources_1/bd/sensor_readout/ipshared/cd45/hdl/axis_register_slice_v1_1_vl_rfs.v:556]
	Parameter C_FAMILY bound to: zynq - type: string 
	Parameter C_DATA_WIDTH bound to: 37 - type: integer 
	Parameter C_REG_CONFIG bound to: 0 - type: integer 
INFO: [Synth 8-256] done synthesizing module 'axis_register_slice_v1_1_15_axisc_register_slice__parameterized0' (5#1) [c:/Users/ZdunekPC/Documents/Spektrop2/Vivado/Spektrop2_CMV4000_V3/Spektrop2_CMV4000_V2.srcs/sources_1/bd/sensor_readout/ipshared/cd45/hdl/axis_register_slice_v1_1_vl_rfs.v:556]
INFO: [Synth 8-638] synthesizing module 'axis_infrastructure_v1_1_0_util_vector2axis__parameterized0' [c:/Users/ZdunekPC/Documents/Spektrop2/Vivado/Spektrop2_CMV4000_V3/Spektrop2_CMV4000_V2.srcs/sources_1/bd/sensor_readout/ipshared/0ab1/hdl/axis_infrastructure_v1_1_vl_rfs.v:992]
	Parameter C_TDATA_WIDTH bound to: 32 - type: integer 
	Parameter C_TID_WIDTH bound to: 1 - type: integer 
	Parameter C_TDEST_WIDTH bound to: 1 - type: integer 
	Parameter C_TUSER_WIDTH bound to: 4 - type: integer 
	Parameter C_TPAYLOAD_WIDTH bound to: 37 - type: integer 
	Parameter C_SIGNAL_SET bound to: 32'b00000000000000000000000000011011 
	Parameter G_INDX_SS_TREADY bound to: 0 - type: integer 
	Parameter G_INDX_SS_TDATA bound to: 1 - type: integer 
	Parameter G_INDX_SS_TSTRB bound to: 2 - type: integer 
	Parameter G_INDX_SS_TKEEP bound to: 3 - type: integer 
	Parameter G_INDX_SS_TLAST bound to: 4 - type: integer 
	Parameter G_INDX_SS_TID bound to: 5 - type: integer 
	Parameter G_INDX_SS_TDEST bound to: 6 - type: integer 
	Parameter G_INDX_SS_TUSER bound to: 7 - type: integer 
	Parameter G_MASK_SS_TREADY bound to: 1 - type: integer 
	Parameter G_MASK_SS_TDATA bound to: 2 - type: integer 
	Parameter G_MASK_SS_TSTRB bound to: 4 - type: integer 
	Parameter G_MASK_SS_TKEEP bound to: 8 - type: integer 
	Parameter G_MASK_SS_TLAST bound to: 16 - type: integer 
	Parameter G_MASK_SS_TID bound to: 32 - type: integer 
	Parameter G_MASK_SS_TDEST bound to: 64 - type: integer 
	Parameter G_MASK_SS_TUSER bound to: 128 - type: integer 
	Parameter G_TASK_SEVERITY_ERR bound to: 2 - type: integer 
	Parameter G_TASK_SEVERITY_WARNING bound to: 1 - type: integer 
	Parameter G_TASK_SEVERITY_INFO bound to: 0 - type: integer 
	Parameter P_TDATA_INDX bound to: 0 - type: integer 
	Parameter P_TSTRB_INDX bound to: 32 - type: integer 
	Parameter P_TKEEP_INDX bound to: 32 - type: integer 
	Parameter P_TLAST_INDX bound to: 36 - type: integer 
	Parameter P_TID_INDX bound to: 37 - type: integer 
	Parameter P_TDEST_INDX bound to: 37 - type: integer 
	Parameter P_TUSER_INDX bound to: 37 - type: integer 
INFO: [Synth 8-256] done synthesizing module 'axis_infrastructure_v1_1_0_util_vector2axis__parameterized0' (5#1) [c:/Users/ZdunekPC/Documents/Spektrop2/Vivado/Spektrop2_CMV4000_V3/Spektrop2_CMV4000_V2.srcs/sources_1/bd/sensor_readout/ipshared/0ab1/hdl/axis_infrastructure_v1_1_vl_rfs.v:992]
INFO: [Synth 8-256] done synthesizing module 'axis_register_slice_v1_1_15_axis_register_slice__parameterized0' (5#1) [c:/Users/ZdunekPC/Documents/Spektrop2/Vivado/Spektrop2_CMV4000_V3/Spektrop2_CMV4000_V2.srcs/sources_1/bd/sensor_readout/ipshared/cd45/hdl/axis_register_slice_v1_1_vl_rfs.v:1325]
WARNING: [Synth 8-350] instance 'axis_register_slice_1' of module 'axis_register_slice_v1_1_15_axis_register_slice' requires 22 connections, but only 21 given [c:/Users/ZdunekPC/Documents/Spektrop2/Vivado/Spektrop2_CMV4000_V3/Spektrop2_CMV4000_V2.srcs/sources_1/bd/sensor_readout/ipshared/1019/hdl/axis_dwidth_converter_v1_1_vl_rfs.v:1137]
INFO: [Synth 8-256] done synthesizing module 'axis_dwidth_converter_v1_1_14_axis_dwidth_converter' (6#1) [c:/Users/ZdunekPC/Documents/Spektrop2/Vivado/Spektrop2_CMV4000_V3/Spektrop2_CMV4000_V2.srcs/sources_1/bd/sensor_readout/ipshared/1019/hdl/axis_dwidth_converter_v1_1_vl_rfs.v:809]
INFO: [Synth 8-256] done synthesizing module 'sensor_readout_axis_dwidth_converter_0_0' (7#1) [c:/Users/ZdunekPC/Documents/Spektrop2/Vivado/Spektrop2_CMV4000_V3/Spektrop2_CMV4000_V2.srcs/sources_1/bd/sensor_readout/ip/sensor_readout_axis_dwidth_converter_0_0/synth/sensor_readout_axis_dwidth_converter_0_0.v:57]
WARNING: [Synth 8-3331] design axis_register_slice_v1_1_15_axisc_register_slice__parameterized0 has unconnected port ACLK
WARNING: [Synth 8-3331] design axis_register_slice_v1_1_15_axisc_register_slice__parameterized0 has unconnected port ACLK2X
WARNING: [Synth 8-3331] design axis_register_slice_v1_1_15_axisc_register_slice__parameterized0 has unconnected port ARESET
WARNING: [Synth 8-3331] design axis_register_slice_v1_1_15_axisc_register_slice__parameterized0 has unconnected port ACLKEN
WARNING: [Synth 8-3331] design axis_infrastructure_v1_1_0_util_axis2vector__parameterized0 has unconnected port TSTRB[3]
WARNING: [Synth 8-3331] design axis_infrastructure_v1_1_0_util_axis2vector__parameterized0 has unconnected port TSTRB[2]
WARNING: [Synth 8-3331] design axis_infrastructure_v1_1_0_util_axis2vector__parameterized0 has unconnected port TSTRB[1]
WARNING: [Synth 8-3331] design axis_infrastructure_v1_1_0_util_axis2vector__parameterized0 has unconnected port TSTRB[0]
WARNING: [Synth 8-3331] design axis_infrastructure_v1_1_0_util_axis2vector__parameterized0 has unconnected port TID[0]
WARNING: [Synth 8-3331] design axis_infrastructure_v1_1_0_util_axis2vector__parameterized0 has unconnected port TDEST[0]
WARNING: [Synth 8-3331] design axis_infrastructure_v1_1_0_util_axis2vector__parameterized0 has unconnected port TUSER[3]
WARNING: [Synth 8-3331] design axis_infrastructure_v1_1_0_util_axis2vector__parameterized0 has unconnected port TUSER[2]
WARNING: [Synth 8-3331] design axis_infrastructure_v1_1_0_util_axis2vector__parameterized0 has unconnected port TUSER[1]
WARNING: [Synth 8-3331] design axis_infrastructure_v1_1_0_util_axis2vector__parameterized0 has unconnected port TUSER[0]
WARNING: [Synth 8-3331] design axis_register_slice_v1_1_15_axisc_register_slice has unconnected port ACLK
WARNING: [Synth 8-3331] design axis_register_slice_v1_1_15_axisc_register_slice has unconnected port ACLK2X
WARNING: [Synth 8-3331] design axis_register_slice_v1_1_15_axisc_register_slice has unconnected port ARESET
WARNING: [Synth 8-3331] design axis_register_slice_v1_1_15_axisc_register_slice has unconnected port ACLKEN
WARNING: [Synth 8-3331] design axis_infrastructure_v1_1_0_util_axis2vector has unconnected port TSTRB[15]
WARNING: [Synth 8-3331] design axis_infrastructure_v1_1_0_util_axis2vector has unconnected port TSTRB[14]
WARNING: [Synth 8-3331] design axis_infrastructure_v1_1_0_util_axis2vector has unconnected port TSTRB[13]
WARNING: [Synth 8-3331] design axis_infrastructure_v1_1_0_util_axis2vector has unconnected port TSTRB[12]
WARNING: [Synth 8-3331] design axis_infrastructure_v1_1_0_util_axis2vector has unconnected port TSTRB[11]
WARNING: [Synth 8-3331] design axis_infrastructure_v1_1_0_util_axis2vector has unconnected port TSTRB[10]
WARNING: [Synth 8-3331] design axis_infrastructure_v1_1_0_util_axis2vector has unconnected port TSTRB[9]
WARNING: [Synth 8-3331] design axis_infrastructure_v1_1_0_util_axis2vector has unconnected port TSTRB[8]
WARNING: [Synth 8-3331] design axis_infrastructure_v1_1_0_util_axis2vector has unconnected port TSTRB[7]
WARNING: [Synth 8-3331] design axis_infrastructure_v1_1_0_util_axis2vector has unconnected port TSTRB[6]
WARNING: [Synth 8-3331] design axis_infrastructure_v1_1_0_util_axis2vector has unconnected port TSTRB[5]
WARNING: [Synth 8-3331] design axis_infrastructure_v1_1_0_util_axis2vector has unconnected port TSTRB[4]
WARNING: [Synth 8-3331] design axis_infrastructure_v1_1_0_util_axis2vector has unconnected port TSTRB[3]
WARNING: [Synth 8-3331] design axis_infrastructure_v1_1_0_util_axis2vector has unconnected port TSTRB[2]
WARNING: [Synth 8-3331] design axis_infrastructure_v1_1_0_util_axis2vector has unconnected port TSTRB[1]
WARNING: [Synth 8-3331] design axis_infrastructure_v1_1_0_util_axis2vector has unconnected port TSTRB[0]
WARNING: [Synth 8-3331] design axis_infrastructure_v1_1_0_util_axis2vector has unconnected port TID[0]
WARNING: [Synth 8-3331] design axis_infrastructure_v1_1_0_util_axis2vector has unconnected port TDEST[0]
WARNING: [Synth 8-3331] design axis_infrastructure_v1_1_0_util_axis2vector has unconnected port TUSER[15]
WARNING: [Synth 8-3331] design axis_infrastructure_v1_1_0_util_axis2vector has unconnected port TUSER[14]
WARNING: [Synth 8-3331] design axis_infrastructure_v1_1_0_util_axis2vector has unconnected port TUSER[13]
WARNING: [Synth 8-3331] design axis_infrastructure_v1_1_0_util_axis2vector has unconnected port TUSER[12]
WARNING: [Synth 8-3331] design axis_infrastructure_v1_1_0_util_axis2vector has unconnected port TUSER[11]
WARNING: [Synth 8-3331] design axis_infrastructure_v1_1_0_util_axis2vector has unconnected port TUSER[10]
WARNING: [Synth 8-3331] design axis_infrastructure_v1_1_0_util_axis2vector has unconnected port TUSER[9]
WARNING: [Synth 8-3331] design axis_infrastructure_v1_1_0_util_axis2vector has unconnected port TUSER[8]
WARNING: [Synth 8-3331] design axis_infrastructure_v1_1_0_util_axis2vector has unconnected port TUSER[7]
WARNING: [Synth 8-3331] design axis_infrastructure_v1_1_0_util_axis2vector has unconnected port TUSER[6]
WARNING: [Synth 8-3331] design axis_infrastructure_v1_1_0_util_axis2vector has unconnected port TUSER[5]
WARNING: [Synth 8-3331] design axis_infrastructure_v1_1_0_util_axis2vector has unconnected port TUSER[4]
WARNING: [Synth 8-3331] design axis_infrastructure_v1_1_0_util_axis2vector has unconnected port TUSER[3]
WARNING: [Synth 8-3331] design axis_infrastructure_v1_1_0_util_axis2vector has unconnected port TUSER[2]
WARNING: [Synth 8-3331] design axis_infrastructure_v1_1_0_util_axis2vector has unconnected port TUSER[1]
WARNING: [Synth 8-3331] design axis_infrastructure_v1_1_0_util_axis2vector has unconnected port TUSER[0]
WARNING: [Synth 8-3331] design axis_dwidth_converter_v1_1_14_axis_dwidth_converter has unconnected port s_axis_tkeep[15]
WARNING: [Synth 8-3331] design axis_dwidth_converter_v1_1_14_axis_dwidth_converter has unconnected port s_axis_tkeep[14]
WARNING: [Synth 8-3331] design axis_dwidth_converter_v1_1_14_axis_dwidth_converter has unconnected port s_axis_tkeep[13]
WARNING: [Synth 8-3331] design axis_dwidth_converter_v1_1_14_axis_dwidth_converter has unconnected port s_axis_tkeep[12]
WARNING: [Synth 8-3331] design axis_dwidth_converter_v1_1_14_axis_dwidth_converter has unconnected port s_axis_tkeep[11]
WARNING: [Synth 8-3331] design axis_dwidth_converter_v1_1_14_axis_dwidth_converter has unconnected port s_axis_tkeep[10]
WARNING: [Synth 8-3331] design axis_dwidth_converter_v1_1_14_axis_dwidth_converter has unconnected port s_axis_tkeep[9]
WARNING: [Synth 8-3331] design axis_dwidth_converter_v1_1_14_axis_dwidth_converter has unconnected port s_axis_tkeep[8]
WARNING: [Synth 8-3331] design axis_dwidth_converter_v1_1_14_axis_dwidth_converter has unconnected port s_axis_tkeep[7]
WARNING: [Synth 8-3331] design axis_dwidth_converter_v1_1_14_axis_dwidth_converter has unconnected port s_axis_tkeep[6]
WARNING: [Synth 8-3331] design axis_dwidth_converter_v1_1_14_axis_dwidth_converter has unconnected port s_axis_tkeep[5]
WARNING: [Synth 8-3331] design axis_dwidth_converter_v1_1_14_axis_dwidth_converter has unconnected port s_axis_tkeep[4]
WARNING: [Synth 8-3331] design axis_dwidth_converter_v1_1_14_axis_dwidth_converter has unconnected port s_axis_tkeep[3]
WARNING: [Synth 8-3331] design axis_dwidth_converter_v1_1_14_axis_dwidth_converter has unconnected port s_axis_tkeep[2]
WARNING: [Synth 8-3331] design axis_dwidth_converter_v1_1_14_axis_dwidth_converter has unconnected port s_axis_tkeep[1]
WARNING: [Synth 8-3331] design axis_dwidth_converter_v1_1_14_axis_dwidth_converter has unconnected port s_axis_tkeep[0]
WARNING: [Synth 8-3331] design axis_dwidth_converter_v1_1_14_axis_dwidth_converter has unconnected port s_axis_tuser[0]
---------------------------------------------------------------------------------
Finished RTL Elaboration : Time (s): cpu = 00:00:09 ; elapsed = 00:00:10 . Memory (MB): peak = 416.703 ; gain = 155.613
---------------------------------------------------------------------------------

Report Check Netlist: 
+------+------------------+-------+---------+-------+------------------+
|      |Item              |Errors |Warnings |Status |Description       |
+------+------------------+-------+---------+-------+------------------+
|1     |multi_driven_nets |      0|        0|Passed |Multi driven nets |
+------+------------------+-------+---------+-------+------------------+
INFO: [Synth 8-3295] tying undriven pin axis_register_slice_0:aclk2x to constant 0 [c:/Users/ZdunekPC/Documents/Spektrop2/Vivado/Spektrop2_CMV4000_V3/Spektrop2_CMV4000_V2.srcs/sources_1/bd/sensor_readout/ipshared/1019/hdl/axis_dwidth_converter_v1_1_vl_rfs.v:1005]
INFO: [Synth 8-3295] tying undriven pin axis_register_slice_1:aclk2x to constant 0 [c:/Users/ZdunekPC/Documents/Spektrop2/Vivado/Spektrop2_CMV4000_V3/Spektrop2_CMV4000_V2.srcs/sources_1/bd/sensor_readout/ipshared/1019/hdl/axis_dwidth_converter_v1_1_vl_rfs.v:1137]
---------------------------------------------------------------------------------
Finished RTL Optimization Phase 1 : Time (s): cpu = 00:00:10 ; elapsed = 00:00:10 . Memory (MB): peak = 416.703 ; gain = 155.613
---------------------------------------------------------------------------------
INFO: [Device 21-403] Loading part xc7z015clg485-3
INFO: [Project 1-570] Preparing netlist for logic optimization

Processing XDC Constraints
Initializing timing engine
Parsing XDC File [c:/Users/ZdunekPC/Documents/Spektrop2/Vivado/Spektrop2_CMV4000_V3/Spektrop2_CMV4000_V2.srcs/sources_1/bd/sensor_readout/ip/sensor_readout_axis_dwidth_converter_0_0/sensor_readout_axis_dwidth_converter_0_0_ooc.xdc] for cell 'inst'
Finished Parsing XDC File [c:/Users/ZdunekPC/Documents/Spektrop2/Vivado/Spektrop2_CMV4000_V3/Spektrop2_CMV4000_V2.srcs/sources_1/bd/sensor_readout/ip/sensor_readout_axis_dwidth_converter_0_0/sensor_readout_axis_dwidth_converter_0_0_ooc.xdc] for cell 'inst'
Parsing XDC File [C:/Users/ZdunekPC/Documents/Spektrop2/Vivado/Spektrop2_CMV4000_V3/Spektrop2_CMV4000_V2.runs/sensor_readout_axis_dwidth_converter_0_0_synth_1/dont_touch.xdc]
Finished Parsing XDC File [C:/Users/ZdunekPC/Documents/Spektrop2/Vivado/Spektrop2_CMV4000_V3/Spektrop2_CMV4000_V2.runs/sensor_readout_axis_dwidth_converter_0_0_synth_1/dont_touch.xdc]
Completed Processing XDC Constraints

INFO: [Project 1-111] Unisim Transformation Summary:
No Unisim elements were transformed.

Constraint Validation Runtime : Time (s): cpu = 00:00:00 ; elapsed = 00:00:00.025 . Memory (MB): peak = 776.445 ; gain = 0.000
---------------------------------------------------------------------------------
Finished Constraint Validation : Time (s): cpu = 00:00:26 ; elapsed = 00:00:27 . Memory (MB): peak = 776.445 ; gain = 515.355
---------------------------------------------------------------------------------
---------------------------------------------------------------------------------
Start Loading Part and Timing Information
---------------------------------------------------------------------------------
Loading part: xc7z015clg485-3
---------------------------------------------------------------------------------
Finished Loading Part and Timing Information : Time (s): cpu = 00:00:26 ; elapsed = 00:00:27 . Memory (MB): peak = 776.445 ; gain = 515.355
---------------------------------------------------------------------------------
---------------------------------------------------------------------------------
Start Applying 'set_property' XDC Constraints
---------------------------------------------------------------------------------
Applied set_property DONT_TOUCH = true for inst. (constraint file  C:/Users/ZdunekPC/Documents/Spektrop2/Vivado/Spektrop2_CMV4000_V3/Spektrop2_CMV4000_V2.runs/sensor_readout_axis_dwidth_converter_0_0_synth_1/dont_touch.xdc, line 9).
---------------------------------------------------------------------------------
Finished applying 'set_property' XDC Constraints : Time (s): cpu = 00:00:26 ; elapsed = 00:00:27 . Memory (MB): peak = 776.445 ; gain = 515.355
---------------------------------------------------------------------------------
---------------------------------------------------------------------------------
Finished RTL Optimization Phase 2 : Time (s): cpu = 00:00:26 ; elapsed = 00:00:28 . Memory (MB): peak = 776.445 ; gain = 515.355
---------------------------------------------------------------------------------

Report RTL Partitions: 
+-+--------------+------------+----------+
| |RTL Partition |Replication |Instances |
+-+--------------+------------+----------+
+-+--------------+------------+----------+
---------------------------------------------------------------------------------
Start RTL Component Statistics 
---------------------------------------------------------------------------------
Detailed RTL Component Info : 
+---Adders : 
	   2 Input      2 Bit       Adders := 1     
+---Registers : 
	              128 Bit    Registers := 1     
	               32 Bit    Registers := 1     
	               16 Bit    Registers := 3     
	                4 Bit    Registers := 4     
	                3 Bit    Registers := 1     
	                2 Bit    Registers := 2     
	                1 Bit    Registers := 9     
+---Muxes : 
	   4 Input      3 Bit        Muxes := 1     
	   2 Input      3 Bit        Muxes := 1     
	   2 Input      2 Bit        Muxes := 1     
	   3 Input      2 Bit        Muxes := 1     
	   2 Input      1 Bit        Muxes := 5     
---------------------------------------------------------------------------------
Finished RTL Component Statistics 
---------------------------------------------------------------------------------
---------------------------------------------------------------------------------
Start RTL Hierarchical Component Statistics 
---------------------------------------------------------------------------------
Hierarchical RTL Component report 
Module axis_dwidth_converter_v1_1_14_axisc_downsizer 
Detailed RTL Component Info : 
+---Adders : 
	   2 Input      2 Bit       Adders := 1     
+---Registers : 
	              128 Bit    Registers := 1     
	               32 Bit    Registers := 1     
	               16 Bit    Registers := 3     
	                4 Bit    Registers := 4     
	                3 Bit    Registers := 1     
	                2 Bit    Registers := 2     
	                1 Bit    Registers := 6     
+---Muxes : 
	   4 Input      3 Bit        Muxes := 1     
	   2 Input      3 Bit        Muxes := 1     
	   2 Input      2 Bit        Muxes := 1     
	   3 Input      2 Bit        Muxes := 1     
	   2 Input      1 Bit        Muxes := 5     
Module axis_register_slice_v1_1_15_axis_register_slice 
Detailed RTL Component Info : 
+---Registers : 
	                1 Bit    Registers := 1     
Module axis_register_slice_v1_1_15_axis_register_slice__parameterized0 
Detailed RTL Component Info : 
+---Registers : 
	                1 Bit    Registers := 1     
Module axis_dwidth_converter_v1_1_14_axis_dwidth_converter 
Detailed RTL Component Info : 
+---Registers : 
	                1 Bit    Registers := 1     
---------------------------------------------------------------------------------
Finished RTL Hierarchical Component Statistics
---------------------------------------------------------------------------------
---------------------------------------------------------------------------------
Start Part Resource Summary
---------------------------------------------------------------------------------
Part Resources:
DSPs: 160 (col length:60)
BRAMs: 190 (col length: RAMB18 60 RAMB36 30)
---------------------------------------------------------------------------------
Finished Part Resource Summary
---------------------------------------------------------------------------------
---------------------------------------------------------------------------------
Start Cross Boundary and Area Optimization
---------------------------------------------------------------------------------
INFO: [Synth 8-4471] merging register 'gen_downsizer_conversion.axisc_downsizer_0/r0_dest_reg[0:0]' into 'gen_downsizer_conversion.axisc_downsizer_0/r0_id_reg[0:0]' [c:/Users/ZdunekPC/Documents/Spektrop2/Vivado/Spektrop2_CMV4000_V3/Spektrop2_CMV4000_V2.srcs/sources_1/bd/sensor_readout/ipshared/1019/hdl/axis_dwidth_converter_v1_1_vl_rfs.v:292]
INFO: [Synth 8-4471] merging register 'gen_downsizer_conversion.axisc_downsizer_0/r1_dest_reg[0:0]' into 'gen_downsizer_conversion.axisc_downsizer_0/r1_id_reg[0:0]' [c:/Users/ZdunekPC/Documents/Spektrop2/Vivado/Spektrop2_CMV4000_V3/Spektrop2_CMV4000_V2.srcs/sources_1/bd/sensor_readout/ipshared/1019/hdl/axis_dwidth_converter_v1_1_vl_rfs.v:292]
INFO: [Synth 8-4471] merging register 'gen_downsizer_conversion.axisc_downsizer_0/r0_user_reg[15:0]' into 'gen_downsizer_conversion.axisc_downsizer_0/r0_strb_reg[15:0]' [c:/Users/ZdunekPC/Documents/Spektrop2/Vivado/Spektrop2_CMV4000_V3/Spektrop2_CMV4000_V2.srcs/sources_1/bd/sensor_readout/ipshared/1019/hdl/axis_dwidth_converter_v1_1_vl_rfs.v:293]
INFO: [Synth 8-4471] merging register 'gen_downsizer_conversion.axisc_downsizer_0/r1_user_reg[3:0]' into 'gen_downsizer_conversion.axisc_downsizer_0/r1_strb_reg[3:0]' [c:/Users/ZdunekPC/Documents/Spektrop2/Vivado/Spektrop2_CMV4000_V3/Spektrop2_CMV4000_V2.srcs/sources_1/bd/sensor_readout/ipshared/1019/hdl/axis_dwidth_converter_v1_1_vl_rfs.v:293]
WARNING: [Synth 8-6014] Unused sequential element gen_downsizer_conversion.axisc_downsizer_0/r0_strb_reg was removed.  [c:/Users/ZdunekPC/Documents/Spektrop2/Vivado/Spektrop2_CMV4000_V3/Spektrop2_CMV4000_V2.srcs/sources_1/bd/sensor_readout/ipshared/1019/hdl/axis_dwidth_converter_v1_1_vl_rfs.v:288]
WARNING: [Synth 8-6014] Unused sequential element gen_downsizer_conversion.axisc_downsizer_0/r1_strb_reg was removed.  [c:/Users/ZdunekPC/Documents/Spektrop2/Vivado/Spektrop2_CMV4000_V3/Spektrop2_CMV4000_V2.srcs/sources_1/bd/sensor_readout/ipshared/1019/hdl/axis_dwidth_converter_v1_1_vl_rfs.v:288]
WARNING: [Synth 8-6014] Unused sequential element gen_downsizer_conversion.axisc_downsizer_0/r0_dest_reg was removed.  [c:/Users/ZdunekPC/Documents/Spektrop2/Vivado/Spektrop2_CMV4000_V3/Spektrop2_CMV4000_V2.srcs/sources_1/bd/sensor_readout/ipshared/1019/hdl/axis_dwidth_converter_v1_1_vl_rfs.v:292]
WARNING: [Synth 8-6014] Unused sequential element gen_downsizer_conversion.axisc_downsizer_0/r1_dest_reg was removed.  [c:/Users/ZdunekPC/Documents/Spektrop2/Vivado/Spektrop2_CMV4000_V3/Spektrop2_CMV4000_V2.srcs/sources_1/bd/sensor_readout/ipshared/1019/hdl/axis_dwidth_converter_v1_1_vl_rfs.v:292]
WARNING: [Synth 8-6014] Unused sequential element gen_downsizer_conversion.axisc_downsizer_0/r0_user_reg was removed.  [c:/Users/ZdunekPC/Documents/Spektrop2/Vivado/Spektrop2_CMV4000_V3/Spektrop2_CMV4000_V2.srcs/sources_1/bd/sensor_readout/ipshared/1019/hdl/axis_dwidth_converter_v1_1_vl_rfs.v:293]
WARNING: [Synth 8-6014] Unused sequential element gen_downsizer_conversion.axisc_downsizer_0/r1_user_reg was removed.  [c:/Users/ZdunekPC/Documents/Spektrop2/Vivado/Spektrop2_CMV4000_V3/Spektrop2_CMV4000_V2.srcs/sources_1/bd/sensor_readout/ipshared/1019/hdl/axis_dwidth_converter_v1_1_vl_rfs.v:293]
WARNING: [Synth 8-6014] Unused sequential element axis_register_slice_0/areset_r_reg was removed.  [c:/Users/ZdunekPC/Documents/Spektrop2/Vivado/Spektrop2_CMV4000_V3/Spektrop2_CMV4000_V2.srcs/sources_1/bd/sensor_readout/ipshared/cd45/hdl/axis_register_slice_v1_1_vl_rfs.v:1416]
WARNING: [Synth 8-6014] Unused sequential element axis_register_slice_1/areset_r_reg was removed.  [c:/Users/ZdunekPC/Documents/Spektrop2/Vivado/Spektrop2_CMV4000_V3/Spektrop2_CMV4000_V2.srcs/sources_1/bd/sensor_readout/ipshared/cd45/hdl/axis_register_slice_v1_1_vl_rfs.v:1416]
WARNING: [Synth 8-3331] design axis_dwidth_converter_v1_1_14_axis_dwidth_converter has unconnected port s_axis_tstrb[15]
WARNING: [Synth 8-3331] design axis_dwidth_converter_v1_1_14_axis_dwidth_converter has unconnected port s_axis_tstrb[14]
WARNING: [Synth 8-3331] design axis_dwidth_converter_v1_1_14_axis_dwidth_converter has unconnected port s_axis_tstrb[13]
WARNING: [Synth 8-3331] design axis_dwidth_converter_v1_1_14_axis_dwidth_converter has unconnected port s_axis_tstrb[12]
WARNING: [Synth 8-3331] design axis_dwidth_converter_v1_1_14_axis_dwidth_converter has unconnected port s_axis_tstrb[11]
WARNING: [Synth 8-3331] design axis_dwidth_converter_v1_1_14_axis_dwidth_converter has unconnected port s_axis_tstrb[10]
WARNING: [Synth 8-3331] design axis_dwidth_converter_v1_1_14_axis_dwidth_converter has unconnected port s_axis_tstrb[9]
WARNING: [Synth 8-3331] design axis_dwidth_converter_v1_1_14_axis_dwidth_converter has unconnected port s_axis_tstrb[8]
WARNING: [Synth 8-3331] design axis_dwidth_converter_v1_1_14_axis_dwidth_converter has unconnected port s_axis_tstrb[7]
WARNING: [Synth 8-3331] design axis_dwidth_converter_v1_1_14_axis_dwidth_converter has unconnected port s_axis_tstrb[6]
WARNING: [Synth 8-3331] design axis_dwidth_converter_v1_1_14_axis_dwidth_converter has unconnected port s_axis_tstrb[5]
WARNING: [Synth 8-3331] design axis_dwidth_converter_v1_1_14_axis_dwidth_converter has unconnected port s_axis_tstrb[4]
WARNING: [Synth 8-3331] design axis_dwidth_converter_v1_1_14_axis_dwidth_converter has unconnected port s_axis_tstrb[3]
WARNING: [Synth 8-3331] design axis_dwidth_converter_v1_1_14_axis_dwidth_converter has unconnected port s_axis_tstrb[2]
WARNING: [Synth 8-3331] design axis_dwidth_converter_v1_1_14_axis_dwidth_converter has unconnected port s_axis_tstrb[1]
WARNING: [Synth 8-3331] design axis_dwidth_converter_v1_1_14_axis_dwidth_converter has unconnected port s_axis_tstrb[0]
WARNING: [Synth 8-3331] design axis_dwidth_converter_v1_1_14_axis_dwidth_converter has unconnected port s_axis_tkeep[15]
WARNING: [Synth 8-3331] design axis_dwidth_converter_v1_1_14_axis_dwidth_converter has unconnected port s_axis_tkeep[14]
WARNING: [Synth 8-3331] design axis_dwidth_converter_v1_1_14_axis_dwidth_converter has unconnected port s_axis_tkeep[13]
WARNING: [Synth 8-3331] design axis_dwidth_converter_v1_1_14_axis_dwidth_converter has unconnected port s_axis_tkeep[12]
WARNING: [Synth 8-3331] design axis_dwidth_converter_v1_1_14_axis_dwidth_converter has unconnected port s_axis_tkeep[11]
WARNING: [Synth 8-3331] design axis_dwidth_converter_v1_1_14_axis_dwidth_converter has unconnected port s_axis_tkeep[10]
WARNING: [Synth 8-3331] design axis_dwidth_converter_v1_1_14_axis_dwidth_converter has unconnected port s_axis_tkeep[9]
WARNING: [Synth 8-3331] design axis_dwidth_converter_v1_1_14_axis_dwidth_converter has unconnected port s_axis_tkeep[8]
WARNING: [Synth 8-3331] design axis_dwidth_converter_v1_1_14_axis_dwidth_converter has unconnected port s_axis_tkeep[7]
WARNING: [Synth 8-3331] design axis_dwidth_converter_v1_1_14_axis_dwidth_converter has unconnected port s_axis_tkeep[6]
WARNING: [Synth 8-3331] design axis_dwidth_converter_v1_1_14_axis_dwidth_converter has unconnected port s_axis_tkeep[5]
WARNING: [Synth 8-3331] design axis_dwidth_converter_v1_1_14_axis_dwidth_converter has unconnected port s_axis_tkeep[4]
WARNING: [Synth 8-3331] design axis_dwidth_converter_v1_1_14_axis_dwidth_converter has unconnected port s_axis_tkeep[3]
WARNING: [Synth 8-3331] design axis_dwidth_converter_v1_1_14_axis_dwidth_converter has unconnected port s_axis_tkeep[2]
WARNING: [Synth 8-3331] design axis_dwidth_converter_v1_1_14_axis_dwidth_converter has unconnected port s_axis_tkeep[1]
INFO: [Common 17-14] Message 'Synth 8-3331' appears 100 times and further instances of the messages will be disabled. Use the Tcl command set_msg_config to change the current settings.
INFO: [Synth 8-3886] merging instance 'inst/gen_downsizer_conversion.axisc_downsizer_0/r0_keep_reg[12]' (FDE) to 'inst/gen_downsizer_conversion.axisc_downsizer_0/r0_keep_reg[0]'
INFO: [Synth 8-3886] merging instance 'inst/gen_downsizer_conversion.axisc_downsizer_0/r0_keep_reg[13]' (FDE) to 'inst/gen_downsizer_conversion.axisc_downsizer_0/r0_keep_reg[0]'
INFO: [Synth 8-3886] merging instance 'inst/gen_downsizer_conversion.axisc_downsizer_0/r0_keep_reg[14]' (FDE) to 'inst/gen_downsizer_conversion.axisc_downsizer_0/r0_keep_reg[0]'
INFO: [Synth 8-3886] merging instance 'inst/gen_downsizer_conversion.axisc_downsizer_0/r0_keep_reg[15]' (FDE) to 'inst/gen_downsizer_conversion.axisc_downsizer_0/r0_keep_reg[0]'
INFO: [Synth 8-3886] merging instance 'inst/gen_downsizer_conversion.axisc_downsizer_0/r0_is_null_r_reg[2]' (FDRE) to 'inst/gen_downsizer_conversion.axisc_downsizer_0/r0_is_null_r_reg[1]'
INFO: [Synth 8-3886] merging instance 'inst/gen_downsizer_conversion.axisc_downsizer_0/r0_is_null_r_reg[1]' (FDRE) to 'inst/gen_downsizer_conversion.axisc_downsizer_0/r0_is_null_r_reg[3]'
INFO: [Synth 8-3333] propagating constant 0 across sequential element (inst/\gen_downsizer_conversion.axisc_downsizer_0/r0_is_null_r_reg[3] )
INFO: [Synth 8-3886] merging instance 'inst/gen_downsizer_conversion.axisc_downsizer_0/r0_keep_reg[4]' (FDE) to 'inst/gen_downsizer_conversion.axisc_downsizer_0/r0_keep_reg[0]'
INFO: [Synth 8-3886] merging instance 'inst/gen_downsizer_conversion.axisc_downsizer_0/r0_keep_reg[8]' (FDE) to 'inst/gen_downsizer_conversion.axisc_downsizer_0/r0_keep_reg[0]'
INFO: [Synth 8-3886] merging instance 'inst/gen_downsizer_conversion.axisc_downsizer_0/r0_keep_reg[0]' (FDE) to 'inst/gen_downsizer_conversion.axisc_downsizer_0/r0_keep_reg[1]'
INFO: [Synth 8-3886] merging instance 'inst/gen_downsizer_conversion.axisc_downsizer_0/r0_keep_reg[5]' (FDE) to 'inst/gen_downsizer_conversion.axisc_downsizer_0/r0_keep_reg[1]'
INFO: [Synth 8-3886] merging instance 'inst/gen_downsizer_conversion.axisc_downsizer_0/r0_keep_reg[9]' (FDE) to 'inst/gen_downsizer_conversion.axisc_downsizer_0/r0_keep_reg[1]'
INFO: [Synth 8-3886] merging instance 'inst/gen_downsizer_conversion.axisc_downsizer_0/r0_keep_reg[1]' (FDE) to 'inst/gen_downsizer_conversion.axisc_downsizer_0/r0_keep_reg[2]'
INFO: [Synth 8-3886] merging instance 'inst/gen_downsizer_conversion.axisc_downsizer_0/r0_keep_reg[6]' (FDE) to 'inst/gen_downsizer_conversion.axisc_downsizer_0/r0_keep_reg[2]'
INFO: [Synth 8-3886] merging instance 'inst/gen_downsizer_conversion.axisc_downsizer_0/r0_keep_reg[10]' (FDE) to 'inst/gen_downsizer_conversion.axisc_downsizer_0/r0_keep_reg[2]'
INFO: [Synth 8-3886] merging instance 'inst/gen_downsizer_conversion.axisc_downsizer_0/r0_keep_reg[2]' (FDE) to 'inst/gen_downsizer_conversion.axisc_downsizer_0/r0_keep_reg[3]'
INFO: [Synth 8-3886] merging instance 'inst/gen_downsizer_conversion.axisc_downsizer_0/r0_keep_reg[7]' (FDE) to 'inst/gen_downsizer_conversion.axisc_downsizer_0/r0_keep_reg[3]'
INFO: [Synth 8-3886] merging instance 'inst/gen_downsizer_conversion.axisc_downsizer_0/r0_keep_reg[11]' (FDE) to 'inst/gen_downsizer_conversion.axisc_downsizer_0/r0_keep_reg[3]'
INFO: [Synth 8-3333] propagating constant 1 across sequential element (inst/\gen_downsizer_conversion.axisc_downsizer_0/r0_keep_reg[3] )
INFO: [Synth 8-3886] merging instance 'inst/gen_downsizer_conversion.axisc_downsizer_0/r1_keep_reg[0]' (FDE) to 'inst/gen_downsizer_conversion.axisc_downsizer_0/r1_keep_reg[1]'
INFO: [Synth 8-3886] merging instance 'inst/gen_downsizer_conversion.axisc_downsizer_0/r1_keep_reg[1]' (FDE) to 'inst/gen_downsizer_conversion.axisc_downsizer_0/r1_keep_reg[2]'
INFO: [Synth 8-3886] merging instance 'inst/gen_downsizer_conversion.axisc_downsizer_0/r1_keep_reg[2]' (FDE) to 'inst/gen_downsizer_conversion.axisc_downsizer_0/r1_keep_reg[3]'
INFO: [Synth 8-3333] propagating constant 1 across sequential element (inst/\gen_downsizer_conversion.axisc_downsizer_0/r1_keep_reg[3] )
INFO: [Synth 8-3332] Sequential element (gen_downsizer_conversion.axisc_downsizer_0/r0_is_null_r_reg[3]) is unused and will be removed from module axis_dwidth_converter_v1_1_14_axis_dwidth_converter.
INFO: [Synth 8-3332] Sequential element (gen_downsizer_conversion.axisc_downsizer_0/r0_is_null_r_reg[0]) is unused and will be removed from module axis_dwidth_converter_v1_1_14_axis_dwidth_converter.
INFO: [Synth 8-3332] Sequential element (gen_downsizer_conversion.axisc_downsizer_0/r0_keep_reg[3]) is unused and will be removed from module axis_dwidth_converter_v1_1_14_axis_dwidth_converter.
INFO: [Synth 8-3332] Sequential element (gen_downsizer_conversion.axisc_downsizer_0/r1_keep_reg[3]) is unused and will be removed from module axis_dwidth_converter_v1_1_14_axis_dwidth_converter.
INFO: [Synth 8-3332] Sequential element (gen_downsizer_conversion.axisc_downsizer_0/r0_id_reg[0]) is unused and will be removed from module axis_dwidth_converter_v1_1_14_axis_dwidth_converter.
INFO: [Synth 8-3332] Sequential element (gen_downsizer_conversion.axisc_downsizer_0/r1_id_reg[0]) is unused and will be removed from module axis_dwidth_converter_v1_1_14_axis_dwidth_converter.
---------------------------------------------------------------------------------
Finished Cross Boundary and Area Optimization : Time (s): cpu = 00:00:27 ; elapsed = 00:00:29 . Memory (MB): peak = 776.445 ; gain = 515.355
---------------------------------------------------------------------------------

Report RTL Partitions: 
+-+--------------+------------+----------+
| |RTL Partition |Replication |Instances |
+-+--------------+------------+----------+
+-+--------------+------------+----------+
---------------------------------------------------------------------------------
Start Applying XDC Timing Constraints
---------------------------------------------------------------------------------
---------------------------------------------------------------------------------
Finished Applying XDC Timing Constraints : Time (s): cpu = 00:00:42 ; elapsed = 00:00:44 . Memory (MB): peak = 776.445 ; gain = 515.355
---------------------------------------------------------------------------------
---------------------------------------------------------------------------------
Start Timing Optimization
---------------------------------------------------------------------------------
---------------------------------------------------------------------------------
Finished Timing Optimization : Time (s): cpu = 00:00:42 ; elapsed = 00:00:44 . Memory (MB): peak = 778.871 ; gain = 517.781
---------------------------------------------------------------------------------

Report RTL Partitions: 
+-+--------------+------------+----------+
| |RTL Partition |Replication |Instances |
+-+--------------+------------+----------+
+-+--------------+------------+----------+
---------------------------------------------------------------------------------
Start Technology Mapping
---------------------------------------------------------------------------------
---------------------------------------------------------------------------------
Finished Technology Mapping : Time (s): cpu = 00:00:42 ; elapsed = 00:00:44 . Memory (MB): peak = 788.609 ; gain = 527.520
---------------------------------------------------------------------------------

Report RTL Partitions: 
+-+--------------+------------+----------+
| |RTL Partition |Replication |Instances |
+-+--------------+------------+----------+
+-+--------------+------------+----------+
---------------------------------------------------------------------------------
Start IO Insertion
---------------------------------------------------------------------------------
---------------------------------------------------------------------------------
Start Flattening Before IO Insertion
---------------------------------------------------------------------------------
---------------------------------------------------------------------------------
Finished Flattening Before IO Insertion
---------------------------------------------------------------------------------
---------------------------------------------------------------------------------
Start Final Netlist Cleanup
---------------------------------------------------------------------------------
---------------------------------------------------------------------------------
Finished Final Netlist Cleanup
---------------------------------------------------------------------------------
---------------------------------------------------------------------------------
Finished IO Insertion : Time (s): cpu = 00:00:44 ; elapsed = 00:00:47 . Memory (MB): peak = 788.609 ; gain = 527.520
---------------------------------------------------------------------------------

Report Check Netlist: 
+------+------------------+-------+---------+-------+------------------+
|      |Item              |Errors |Warnings |Status |Description       |
+------+------------------+-------+---------+-------+------------------+
|1     |multi_driven_nets |      0|        0|Passed |Multi driven nets |
+------+------------------+-------+---------+-------+------------------+
---------------------------------------------------------------------------------
Start Renaming Generated Instances
---------------------------------------------------------------------------------
---------------------------------------------------------------------------------
Finished Renaming Generated Instances : Time (s): cpu = 00:00:44 ; elapsed = 00:00:47 . Memory (MB): peak = 788.609 ; gain = 527.520
---------------------------------------------------------------------------------

Report RTL Partitions: 
+-+--------------+------------+----------+
| |RTL Partition |Replication |Instances |
+-+--------------+------------+----------+
+-+--------------+------------+----------+
---------------------------------------------------------------------------------
Start Rebuilding User Hierarchy
---------------------------------------------------------------------------------
---------------------------------------------------------------------------------
Finished Rebuilding User Hierarchy : Time (s): cpu = 00:00:44 ; elapsed = 00:00:47 . Memory (MB): peak = 788.609 ; gain = 527.520
---------------------------------------------------------------------------------
---------------------------------------------------------------------------------
Start Renaming Generated Ports
---------------------------------------------------------------------------------
---------------------------------------------------------------------------------
Finished Renaming Generated Ports : Time (s): cpu = 00:00:44 ; elapsed = 00:00:47 . Memory (MB): peak = 788.609 ; gain = 527.520
---------------------------------------------------------------------------------
---------------------------------------------------------------------------------
Start Handling Custom Attributes
---------------------------------------------------------------------------------
---------------------------------------------------------------------------------
Finished Handling Custom Attributes : Time (s): cpu = 00:00:44 ; elapsed = 00:00:47 . Memory (MB): peak = 788.609 ; gain = 527.520
---------------------------------------------------------------------------------
---------------------------------------------------------------------------------
Start Renaming Generated Nets
---------------------------------------------------------------------------------
---------------------------------------------------------------------------------
Finished Renaming Generated Nets : Time (s): cpu = 00:00:44 ; elapsed = 00:00:47 . Memory (MB): peak = 788.609 ; gain = 527.520
---------------------------------------------------------------------------------
---------------------------------------------------------------------------------
Start Writing Synthesis Report
---------------------------------------------------------------------------------

Report BlackBoxes: 
+-+--------------+----------+
| |BlackBox name |Instances |
+-+--------------+----------+
+-+--------------+----------+

Report Cell Usage: 
+------+-----+------+
|      |Cell |Count |
+------+-----+------+
|1     |LUT1 |     1|
|2     |LUT2 |     2|
|3     |LUT3 |     2|
|4     |LUT4 |     3|
|5     |LUT5 |     1|
|6     |LUT6 |    73|
|7     |FDRE |   170|
+------+-----+------+

Report Instance Areas: 
+------+-------------------------------------------------+----------------------------------------------------+------+
|      |Instance                                         |Module                                              |Cells |
+------+-------------------------------------------------+----------------------------------------------------+------+
|1     |top                                              |                                                    |   252|
|2     |  inst                                           |axis_dwidth_converter_v1_1_14_axis_dwidth_converter |   252|
|3     |    \gen_downsizer_conversion.axisc_downsizer_0  |axis_dwidth_converter_v1_1_14_axisc_downsizer       |   250|
+------+-------------------------------------------------+----------------------------------------------------+------+
---------------------------------------------------------------------------------
Finished Writing Synthesis Report : Time (s): cpu = 00:00:44 ; elapsed = 00:00:47 . Memory (MB): peak = 788.609 ; gain = 527.520
---------------------------------------------------------------------------------
Synthesis finished with 0 errors, 0 critical warnings and 43 warnings.
Synthesis Optimization Runtime : Time (s): cpu = 00:00:26 ; elapsed = 00:00:37 . Memory (MB): peak = 788.609 ; gain = 167.777
Synthesis Optimization Complete : Time (s): cpu = 00:00:45 ; elapsed = 00:00:47 . Memory (MB): peak = 788.609 ; gain = 527.520
INFO: [Project 1-571] Translating synthesized netlist
INFO: [Project 1-570] Preparing netlist for logic optimization
INFO: [Opt 31-138] Pushed 0 inverter(s) to 0 load pin(s).
INFO: [Project 1-111] Unisim Transformation Summary:
No Unisim elements were transformed.

INFO: [Common 17-83] Releasing license: Synthesis
67 Infos, 110 Warnings, 0 Critical Warnings and 0 Errors encountered.
synth_design completed successfully
synth_design: Time (s): cpu = 00:00:47 ; elapsed = 00:00:50 . Memory (MB): peak = 789.988 ; gain = 540.371
INFO: [Common 17-1381] The checkpoint 'C:/Users/ZdunekPC/Documents/Spektrop2/Vivado/Spektrop2_CMV4000_V3/Spektrop2_CMV4000_V2.runs/sensor_readout_axis_dwidth_converter_0_0_synth_1/sensor_readout_axis_dwidth_converter_0_0.dcp' has been generated.
