Copyright 1986-2017 Xilinx, Inc. All Rights Reserved.
---------------------------------------------------------------------------------------------------
| Tool Version : Vivado v.2017.4 (win64) Build 2086221 Fri Dec 15 20:55:39 MST 2017
| Date         : Tue Feb 20 02:28:52 2018
| Host         : DESKTOP-C5LKN8N running 64-bit major release  (build 9200)
| Command      : report_clock_utilization -file spektrop2_cmv4000_top_clock_utilization_routed.rpt
| Design       : spektrop2_cmv4000_top
| Device       : 7z015-clg485
| Speed File   : -3  PRODUCTION 1.11 2014-09-11
---------------------------------------------------------------------------------------------------

Clock Utilization Report

Table of Contents
-----------------
1. Clock Primitive Utilization
2. Global Clock Resources
3. Global Clock Source Details
4. Clock Regions: Key Resource Utilization
5. Clock Regions : Global Clock Summary
6. Device Cell Placement Summary for Global Clock g0
7. Device Cell Placement Summary for Global Clock g1
8. Device Cell Placement Summary for Global Clock g2
9. Device Cell Placement Summary for Global Clock g3
10. Device Cell Placement Summary for Global Clock g4
11. Device Cell Placement Summary for Global Clock g5
12. Device Cell Placement Summary for Global Clock g6
13. Device Cell Placement Summary for Global Clock g7
14. Clock Region Cell Placement per Global Clock: Region X0Y0
15. Clock Region Cell Placement per Global Clock: Region X0Y1
16. Clock Region Cell Placement per Global Clock: Region X1Y1
17. Clock Region Cell Placement per Global Clock: Region X0Y2
18. Clock Region Cell Placement per Global Clock: Region X1Y2

1. Clock Primitive Utilization
------------------------------

+----------+------+-----------+-----+--------------+--------+
| Type     | Used | Available | LOC | Clock Region | Pblock |
+----------+------+-----------+-----+--------------+--------+
| BUFGCTRL |    8 |        32 |   0 |            0 |      0 |
| BUFH     |    0 |        72 |   0 |            0 |      0 |
| BUFIO    |    0 |        12 |   0 |            0 |      0 |
| BUFMR    |    0 |         6 |   0 |            0 |      0 |
| BUFR     |    0 |        12 |   0 |            0 |      0 |
| MMCM     |    1 |         3 |   0 |            0 |      0 |
| PLL      |    0 |         3 |   0 |            0 |      0 |
+----------+------+-----------+-----+--------------+--------+


2. Global Clock Resources
-------------------------

+-----------+-----------+-----------------+------------+----------------+--------------+-------------------+-------------+-----------------+--------------+--------------------+-----------------------------------------------------------------------------------------+-----------------------------------------------------------------------+
| Global Id | Source Id | Driver Type/Pin | Constraint | Site           | Clock Region | Load Clock Region | Clock Loads | Non-Clock Loads | Clock Period | Clock              | Driver Pin                                                                              | Net                                                                   |
+-----------+-----------+-----------------+------------+----------------+--------------+-------------------+-------------+-----------------+--------------+--------------------+-----------------------------------------------------------------------------------------+-----------------------------------------------------------------------+
| g0        | src0      | BUFG/O          | None       | BUFGCTRL_X0Y16 | n/a          |                 4 |        2435 |               0 |       20.000 | clk_fpga_0         | system_wrapper_i/system_i/processing_system7_0/inst/buffer_fclk_clk_0.FCLK_CLK_0_BUFG/O | system_wrapper_i/system_i/processing_system7_0/inst/FCLK_CLK0         |
| g1        | src1      | BUFG/O          | None       | BUFGCTRL_X0Y0  | n/a          |                 1 |         585 |               0 |        5.000 | clk_out2_clk_wiz_0 | tsc_ms1_top_i/inst_clocking/clk_gen0_inst/inst/clkout2_buf/O                            | tsc_ms1_top_i/inst_clocking/clk_gen0_inst/inst/clk_out2               |
| g2        | src1      | BUFG/O          | None       | BUFGCTRL_X0Y1  | n/a          |                 1 |         175 |               0 |       25.000 | clk_out4_clk_wiz_0 | tsc_ms1_top_i/inst_clocking/clk_gen0_inst/inst/clkout4_buf/O                            | tsc_ms1_top_i/inst_clocking/clk_gen0_inst/inst/clk_out4               |
| g3        | src1      | BUFG/O          | None       | BUFGCTRL_X0Y2  | n/a          |                 2 |          23 |               1 |       25.000 | clk_out5_clk_wiz_0 | tsc_ms1_top_i/inst_clocking/clk_gen0_inst/inst/clkout5_buf/O                            | tsc_ms1_top_i/inst_clocking/clk_gen0_inst/inst/clk_out5               |
| g4        | src0      | BUFG/O          | None       | BUFGCTRL_X0Y17 | n/a          |                 1 |           1 |               0 |       10.000 | clk_fpga_1         | system_wrapper_i/system_i/processing_system7_0/inst/buffer_fclk_clk_1.FCLK_CLK_1_BUFG/O | system_wrapper_i/system_i/processing_system7_0/inst/FCLK_CLK1         |
| g5        | src1      | BUFG/O          | None       | BUFGCTRL_X0Y4  | n/a          |                 1 |           1 |               0 |        5.000 | clk_out3_clk_wiz_0 | tsc_ms1_top_i/inst_clocking/clk_gen0_inst/inst/clkout3_buf/O                            | tsc_ms1_top_i/inst_clocking/clk_gen0_inst/inst/clk_out3               |
| g6        | src1      | BUFG/O          | None       | BUFGCTRL_X0Y5  | n/a          |                 1 |           1 |               0 |       10.000 | clkfbout_clk_wiz_0 | tsc_ms1_top_i/inst_clocking/clk_gen0_inst/inst/clkf_buf/O                               | tsc_ms1_top_i/inst_clocking/clk_gen0_inst/inst/clkfbout_buf_clk_wiz_0 |
| g7        | src1      | BUFG/O          | None       | BUFGCTRL_X0Y3  | n/a          |                 1 |           0 |               1 |        2.500 | clk_out1_clk_wiz_0 | tsc_ms1_top_i/inst_clocking/clk_gen0_inst/inst/clkout1_buf/O                            | tsc_ms1_top_i/inst_clocking/clk_gen0_inst/inst/clk_out1               |
+-----------+-----------+-----------------+------------+----------------+--------------+-------------------+-------------+-----------------+--------------+--------------------+-----------------------------------------------------------------------------------------+-----------------------------------------------------------------------+
* Clock Loads column represents the clock pin loads (pin count)
** Non-Clock Loads column represents the non-clock pin loads (pin count)


3. Global Clock Source Details
------------------------------

+-----------+-----------+---------------------+------------+-----------------+--------------+-------------+-----------------+---------------------+--------------------+-----------------------------------------------------------------------+----------------------------------------------------------------------------+
| Source Id | Global Id | Driver Type/Pin     | Constraint | Site            | Clock Region | Clock Loads | Non-Clock Loads | Source Clock Period | Source Clock       | Driver Pin                                                            | Net                                                                        |
+-----------+-----------+---------------------+------------+-----------------+--------------+-------------+-----------------+---------------------+--------------------+-----------------------------------------------------------------------+----------------------------------------------------------------------------+
| src0      | g0        | PS7/FCLKCLK[0]      | PS7_X0Y0   | PS7_X0Y0        | X0Y2         |           1 |               0 |              20.000 | clk_fpga_0         | system_wrapper_i/system_i/processing_system7_0/inst/PS7_i/FCLKCLK[0]  | system_wrapper_i/system_i/processing_system7_0/inst/FCLK_CLK_unbuffered[0] |
| src0      | g4        | PS7/FCLKCLK[1]      | PS7_X0Y0   | PS7_X0Y0        | X0Y2         |           1 |               0 |              10.000 | clk_fpga_1         | system_wrapper_i/system_i/processing_system7_0/inst/PS7_i/FCLKCLK[1]  | system_wrapper_i/system_i/processing_system7_0/inst/FCLK_CLK_unbuffered[1] |
| src1      | g7        | MMCME2_ADV/CLKOUT0  | None       | MMCME2_ADV_X0Y0 | X0Y0         |           1 |               0 |               2.500 | clk_out1_clk_wiz_0 | tsc_ms1_top_i/inst_clocking/clk_gen0_inst/inst/mmcm_adv_inst/CLKOUT0  | tsc_ms1_top_i/inst_clocking/clk_gen0_inst/inst/clk_out1_clk_wiz_0          |
| src1      | g1        | MMCME2_ADV/CLKOUT1  | None       | MMCME2_ADV_X0Y0 | X0Y0         |           1 |               0 |               5.000 | clk_out2_clk_wiz_0 | tsc_ms1_top_i/inst_clocking/clk_gen0_inst/inst/mmcm_adv_inst/CLKOUT1  | tsc_ms1_top_i/inst_clocking/clk_gen0_inst/inst/clk_out2_clk_wiz_0          |
| src1      | g5        | MMCME2_ADV/CLKOUT2  | None       | MMCME2_ADV_X0Y0 | X0Y0         |           1 |               0 |               5.000 | clk_out3_clk_wiz_0 | tsc_ms1_top_i/inst_clocking/clk_gen0_inst/inst/mmcm_adv_inst/CLKOUT2  | tsc_ms1_top_i/inst_clocking/clk_gen0_inst/inst/clk_out3_clk_wiz_0          |
| src1      | g2        | MMCME2_ADV/CLKOUT3  | None       | MMCME2_ADV_X0Y0 | X0Y0         |           1 |               0 |              25.000 | clk_out4_clk_wiz_0 | tsc_ms1_top_i/inst_clocking/clk_gen0_inst/inst/mmcm_adv_inst/CLKOUT3  | tsc_ms1_top_i/inst_clocking/clk_gen0_inst/inst/clk_out4_clk_wiz_0          |
| src1      | g3        | MMCME2_ADV/CLKOUT4  | None       | MMCME2_ADV_X0Y0 | X0Y0         |           1 |               0 |              25.000 | clk_out5_clk_wiz_0 | tsc_ms1_top_i/inst_clocking/clk_gen0_inst/inst/mmcm_adv_inst/CLKOUT4  | tsc_ms1_top_i/inst_clocking/clk_gen0_inst/inst/clk_out5_clk_wiz_0          |
| src1      | g6        | MMCME2_ADV/CLKFBOUT | None       | MMCME2_ADV_X0Y0 | X0Y0         |           1 |               0 |              10.000 | clkfbout_clk_wiz_0 | tsc_ms1_top_i/inst_clocking/clk_gen0_inst/inst/mmcm_adv_inst/CLKFBOUT | tsc_ms1_top_i/inst_clocking/clk_gen0_inst/inst/clkfbout_clk_wiz_0          |
+-----------+-----------+---------------------+------------+-----------------+--------------+-------------+-----------------+---------------------+--------------------+-----------------------------------------------------------------------+----------------------------------------------------------------------------+
* Clock Loads column represents the clock pin loads (pin count)
** Non-Clock Loads column represents the non-clock pin loads (pin count)


4. Clock Regions: Key Resource Utilization
------------------------------------------

+-------------------+--------------+--------------+--------------+--------------+--------------+--------------+--------------+--------------+--------------+--------------+--------------+--------------+--------------+--------------+--------------+
|                   | Global Clock |     BUFRs    |    BUFMRs    |    BUFIOs    |     MMCM     |      PLL     |      GT      |      PCI     |    ILOGIC    |    OLOGIC    |      FF      |     LUTM     |    RAMB18    |    RAMB36    |    DSP48E2   |
+-------------------+------+-------+------+-------+------+-------+------+-------+------+-------+------+-------+------+-------+------+-------+------+-------+------+-------+------+-------+------+-------+------+-------+------+-------+------+-------+
| Clock Region Name | Used | Avail | Used | Avail | Used | Avail | Used | Avail | Used | Avail | Used | Avail | Used | Avail | Used | Avail | Used | Avail | Used | Avail | Used | Avail | Used | Avail | Used | Avail | Used | Avail | Used | Avail |
+-------------------+------+-------+------+-------+------+-------+------+-------+------+-------+------+-------+------+-------+------+-------+------+-------+------+-------+------+-------+------+-------+------+-------+------+-------+------+-------+
| X0Y0              |    4 |    12 |    0 |     4 |    0 |     2 |    0 |     4 |    1 |     1 |    0 |     1 |    0 |     0 |    0 |     0 |    2 |    50 |    1 |    50 |   52 |  3000 |   24 |   900 |    0 |    40 |    0 |    20 |    0 |    40 |
| X1Y0              |    0 |    12 |    0 |     0 |    0 |     0 |    0 |     0 |    0 |     0 |    0 |     0 |    0 |     4 |    0 |     1 |    0 |     0 |    0 |     0 |    0 |  1750 |    0 |   600 |    0 |    30 |    0 |    15 |    0 |    40 |
| X0Y1              |    1 |    12 |    0 |     0 |    0 |     0 |    0 |     0 |    0 |     0 |    0 |     0 |    0 |     0 |    0 |     0 |    0 |     0 |    0 |     0 | 1716 |  1100 |  478 |   300 |    0 |     0 |    0 |     0 |    0 |     0 |
| X1Y1              |    1 |    12 |    0 |     4 |    0 |     2 |    0 |     4 |    0 |     1 |    0 |     1 |    0 |     0 |    0 |     0 |    2 |    50 |    1 |    50 |  238 |  2300 |   49 |   750 |    0 |    60 |    0 |    30 |    0 |    40 |
| X0Y2              |    1 |    12 |    0 |     0 |    0 |     0 |    0 |     0 |    0 |     0 |    0 |     0 |    0 |     0 |    0 |     0 |    0 |     0 |    0 |     0 |  351 |  1100 |  105 |   300 |    0 |     0 |    0 |     0 |    0 |     0 |
| X1Y2              |    5 |    12 |    0 |     4 |    0 |     2 |    0 |     4 |    0 |     1 |    0 |     1 |    0 |     0 |    0 |     0 |   17 |    50 |    0 |    50 |  749 |  2300 |  294 |   750 |    0 |    60 |    0 |    30 |    0 |    40 |
+-------------------+------+-------+------+-------+------+-------+------+-------+------+-------+------+-------+------+-------+------+-------+------+-------+------+-------+------+-------+------+-------+------+-------+------+-------+------+-------+
* Global Clock column represents track count; while other columns represents cell counts


5. Clock Regions : Global Clock Summary
---------------------------------------

All Modules
+----+----+----+
|    | X0 | X1 |
+----+----+----+
| Y2 |  1 |  5 |
| Y1 |  1 |  1 |
| Y0 |  4 |  0 |
+----+----+----+


6. Device Cell Placement Summary for Global Clock g0
----------------------------------------------------

+-----------+-----------------+-------------------+------------+-------------+----------------+-------------+----------+----------------+----------+---------------------------------------------------------------+
| Global Id | Driver Type/Pin | Driver Region (D) | Clock      | Period (ns) | Waveform (ns)  | Slice Loads | IO Loads | Clocking Loads | GT Loads | Net                                                           |
+-----------+-----------------+-------------------+------------+-------------+----------------+-------------+----------+----------------+----------+---------------------------------------------------------------+
| g0        | BUFG/O          | n/a               | clk_fpga_0 |      20.000 | {0.000 10.000} |        2426 |        0 |              0 |        0 | system_wrapper_i/system_i/processing_system7_0/inst/FCLK_CLK0 |
+-----------+-----------------+-------------------+------------+-------------+----------------+-------------+----------+----------------+----------+---------------------------------------------------------------+
* Logic Loads column represents load cell count of all cell types other than IO, GT and clock resources
** IO Loads column represents load cell count of IO types
*** Clocking Loads column represents load cell count that are clock resources (global clock buffer, MMCM, PLL, etc)
**** GT Loads column represents load cell count of GT types


+----+-------+------+
|    | X0    | X1   |
+----+-------+------+
| Y2 |   359 |    0 |
| Y1 |  1777 |  238 |
| Y0 |    52 |    0 |
+----+-------+------+


7. Device Cell Placement Summary for Global Clock g1
----------------------------------------------------

+-----------+-----------------+-------------------+--------------------+-------------+---------------+-------------+----------+----------------+----------+---------------------------------------------------------+
| Global Id | Driver Type/Pin | Driver Region (D) | Clock              | Period (ns) | Waveform (ns) | Slice Loads | IO Loads | Clocking Loads | GT Loads | Net                                                     |
+-----------+-----------------+-------------------+--------------------+-------------+---------------+-------------+----------+----------------+----------+---------------------------------------------------------+
| g1        | BUFG/O          | n/a               | clk_out2_clk_wiz_0 |       5.000 | {0.000 2.500} |         585 |        0 |              0 |        0 | tsc_ms1_top_i/inst_clocking/clk_gen0_inst/inst/clk_out2 |
+-----------+-----------------+-------------------+--------------------+-------------+---------------+-------------+----------+----------------+----------+---------------------------------------------------------+
* Logic Loads column represents load cell count of all cell types other than IO, GT and clock resources
** IO Loads column represents load cell count of IO types
*** Clocking Loads column represents load cell count that are clock resources (global clock buffer, MMCM, PLL, etc)
**** GT Loads column represents load cell count of GT types


+----+----+------+
|    | X0 | X1   |
+----+----+------+
| Y2 |  0 |  585 |
| Y1 |  0 |    0 |
| Y0 |  0 |    0 |
+----+----+------+


8. Device Cell Placement Summary for Global Clock g2
----------------------------------------------------

+-----------+-----------------+-------------------+--------------------+-------------+----------------+-------------+----------+----------------+----------+---------------------------------------------------------+
| Global Id | Driver Type/Pin | Driver Region (D) | Clock              | Period (ns) | Waveform (ns)  | Slice Loads | IO Loads | Clocking Loads | GT Loads | Net                                                     |
+-----------+-----------------+-------------------+--------------------+-------------+----------------+-------------+----------+----------------+----------+---------------------------------------------------------+
| g2        | BUFG/O          | n/a               | clk_out4_clk_wiz_0 |      25.000 | {0.000 12.500} |         175 |        0 |              0 |        0 | tsc_ms1_top_i/inst_clocking/clk_gen0_inst/inst/clk_out4 |
+-----------+-----------------+-------------------+--------------------+-------------+----------------+-------------+----------+----------------+----------+---------------------------------------------------------+
* Logic Loads column represents load cell count of all cell types other than IO, GT and clock resources
** IO Loads column represents load cell count of IO types
*** Clocking Loads column represents load cell count that are clock resources (global clock buffer, MMCM, PLL, etc)
**** GT Loads column represents load cell count of GT types


+----+----+------+
|    | X0 | X1   |
+----+----+------+
| Y2 |  0 |  175 |
| Y1 |  0 |    0 |
| Y0 |  0 |    0 |
+----+----+------+


9. Device Cell Placement Summary for Global Clock g3
----------------------------------------------------

+-----------+-----------------+-------------------+--------------------+-------------+----------------+-------------+----------+----------------+----------+---------------------------------------------------------+
| Global Id | Driver Type/Pin | Driver Region (D) | Clock              | Period (ns) | Waveform (ns)  | Slice Loads | IO Loads | Clocking Loads | GT Loads | Net                                                     |
+-----------+-----------------+-------------------+--------------------+-------------+----------------+-------------+----------+----------------+----------+---------------------------------------------------------+
| g3        | BUFG/O          | n/a               | clk_out5_clk_wiz_0 |      25.000 | {0.000 12.500} |          23 |        1 |              0 |        0 | tsc_ms1_top_i/inst_clocking/clk_gen0_inst/inst/clk_out5 |
+-----------+-----------------+-------------------+--------------------+-------------+----------------+-------------+----------+----------------+----------+---------------------------------------------------------+
* Logic Loads column represents load cell count of all cell types other than IO, GT and clock resources
** IO Loads column represents load cell count of IO types
*** Clocking Loads column represents load cell count that are clock resources (global clock buffer, MMCM, PLL, etc)
**** GT Loads column represents load cell count of GT types


+----+----+-----+
|    | X0 | X1  |
+----+----+-----+
| Y2 |  0 |  23 |
| Y1 |  0 |   0 |
| Y0 |  1 |   0 |
+----+----+-----+


10. Device Cell Placement Summary for Global Clock g4
-----------------------------------------------------

+-----------+-----------------+-------------------+------------+-------------+---------------+-------------+----------+----------------+----------+---------------------------------------------------------------+
| Global Id | Driver Type/Pin | Driver Region (D) | Clock      | Period (ns) | Waveform (ns) | Slice Loads | IO Loads | Clocking Loads | GT Loads | Net                                                           |
+-----------+-----------------+-------------------+------------+-------------+---------------+-------------+----------+----------------+----------+---------------------------------------------------------------+
| g4        | BUFG/O          | n/a               | clk_fpga_1 |      10.000 | {0.000 5.000} |           0 |        0 |              1 |        0 | system_wrapper_i/system_i/processing_system7_0/inst/FCLK_CLK1 |
+-----------+-----------------+-------------------+------------+-------------+---------------+-------------+----------+----------------+----------+---------------------------------------------------------------+
* Logic Loads column represents load cell count of all cell types other than IO, GT and clock resources
** IO Loads column represents load cell count of IO types
*** Clocking Loads column represents load cell count that are clock resources (global clock buffer, MMCM, PLL, etc)
**** GT Loads column represents load cell count of GT types


+----+----+----+
|    | X0 | X1 |
+----+----+----+
| Y2 |  0 |  0 |
| Y1 |  0 |  0 |
| Y0 |  1 |  0 |
+----+----+----+


11. Device Cell Placement Summary for Global Clock g5
-----------------------------------------------------

+-----------+-----------------+-------------------+--------------------+-------------+---------------+-------------+----------+----------------+----------+---------------------------------------------------------+
| Global Id | Driver Type/Pin | Driver Region (D) | Clock              | Period (ns) | Waveform (ns) | Slice Loads | IO Loads | Clocking Loads | GT Loads | Net                                                     |
+-----------+-----------------+-------------------+--------------------+-------------+---------------+-------------+----------+----------------+----------+---------------------------------------------------------+
| g5        | BUFG/O          | n/a               | clk_out3_clk_wiz_0 |       5.000 | {0.000 2.500} |           1 |        0 |              0 |        0 | tsc_ms1_top_i/inst_clocking/clk_gen0_inst/inst/clk_out3 |
+-----------+-----------------+-------------------+--------------------+-------------+---------------+-------------+----------+----------------+----------+---------------------------------------------------------+
* Logic Loads column represents load cell count of all cell types other than IO, GT and clock resources
** IO Loads column represents load cell count of IO types
*** Clocking Loads column represents load cell count that are clock resources (global clock buffer, MMCM, PLL, etc)
**** GT Loads column represents load cell count of GT types


+----+----+----+
|    | X0 | X1 |
+----+----+----+
| Y2 |  0 |  1 |
| Y1 |  0 |  0 |
| Y0 |  0 |  0 |
+----+----+----+


12. Device Cell Placement Summary for Global Clock g6
-----------------------------------------------------

+-----------+-----------------+-------------------+--------------------+-------------+---------------+-------------+----------+----------------+----------+-----------------------------------------------------------------------+
| Global Id | Driver Type/Pin | Driver Region (D) | Clock              | Period (ns) | Waveform (ns) | Slice Loads | IO Loads | Clocking Loads | GT Loads | Net                                                                   |
+-----------+-----------------+-------------------+--------------------+-------------+---------------+-------------+----------+----------------+----------+-----------------------------------------------------------------------+
| g6        | BUFG/O          | n/a               | clkfbout_clk_wiz_0 |      10.000 | {0.000 5.000} |           0 |        0 |              1 |        0 | tsc_ms1_top_i/inst_clocking/clk_gen0_inst/inst/clkfbout_buf_clk_wiz_0 |
+-----------+-----------------+-------------------+--------------------+-------------+---------------+-------------+----------+----------------+----------+-----------------------------------------------------------------------+
* Logic Loads column represents load cell count of all cell types other than IO, GT and clock resources
** IO Loads column represents load cell count of IO types
*** Clocking Loads column represents load cell count that are clock resources (global clock buffer, MMCM, PLL, etc)
**** GT Loads column represents load cell count of GT types


+----+----+----+
|    | X0 | X1 |
+----+----+----+
| Y2 |  0 |  0 |
| Y1 |  0 |  0 |
| Y0 |  1 |  0 |
+----+----+----+


13. Device Cell Placement Summary for Global Clock g7
-----------------------------------------------------

+-----------+-----------------+-------------------+--------------------+-------------+---------------+-------------+----------+----------------+----------+---------------------------------------------------------+
| Global Id | Driver Type/Pin | Driver Region (D) | Clock              | Period (ns) | Waveform (ns) | Slice Loads | IO Loads | Clocking Loads | GT Loads | Net                                                     |
+-----------+-----------------+-------------------+--------------------+-------------+---------------+-------------+----------+----------------+----------+---------------------------------------------------------+
| g7        | BUFG/O          | n/a               | clk_out1_clk_wiz_0 |       2.500 | {0.000 1.250} |           0 |        1 |              0 |        0 | tsc_ms1_top_i/inst_clocking/clk_gen0_inst/inst/clk_out1 |
+-----------+-----------------+-------------------+--------------------+-------------+---------------+-------------+----------+----------------+----------+---------------------------------------------------------+
* Logic Loads column represents load cell count of all cell types other than IO, GT and clock resources
** IO Loads column represents load cell count of IO types
*** Clocking Loads column represents load cell count that are clock resources (global clock buffer, MMCM, PLL, etc)
**** GT Loads column represents load cell count of GT types


+----+----+----+
|    | X0 | X1 |
+----+----+----+
| Y2 |  0 |  1 |
| Y1 |  0 |  0 |
| Y0 |  0 |  0 |
+----+----+----+


14. Clock Region Cell Placement per Global Clock: Region X0Y0
-------------------------------------------------------------

+-----------+-------+-----------------+------------+-------------+-----------------+----+--------+------+-----+----+------+-----+---------+-----------------------------------------------------------------------+
| Global Id | Track | Driver Type/Pin | Constraint | Clock Loads | Non-Clock Loads | FF | LUTRAM | RAMB | DSP | GT | MMCM | PLL | Hard IP | Net                                                                   |
+-----------+-------+-----------------+------------+-------------+-----------------+----+--------+------+-----+----+------+-----+---------+-----------------------------------------------------------------------+
| g0        | n/a   | BUFG/O          | None       |          52 |               0 | 52 |      0 |    0 |   0 |  0 |    0 |   0 |       0 | system_wrapper_i/system_i/processing_system7_0/inst/FCLK_CLK0         |
| g3        | n/a   | BUFG/O          | None       |           0 |               1 |  0 |      0 |    0 |   0 |  0 |    0 |   0 |       0 | tsc_ms1_top_i/inst_clocking/clk_gen0_inst/inst/clk_out5               |
| g4        | n/a   | BUFG/O          | None       |           1 |               0 |  0 |      0 |    0 |   0 |  0 |    1 |   0 |       0 | system_wrapper_i/system_i/processing_system7_0/inst/FCLK_CLK1         |
| g6        | n/a   | BUFG/O          | None       |           1 |               0 |  0 |      0 |    0 |   0 |  0 |    1 |   0 |       0 | tsc_ms1_top_i/inst_clocking/clk_gen0_inst/inst/clkfbout_buf_clk_wiz_0 |
+-----------+-------+-----------------+------------+-------------+-----------------+----+--------+------+-----+----+------+-----+---------+-----------------------------------------------------------------------+
* Clock Loads column represents the clock pin loads (pin count)
** Non-Clock Loads column represents the non-clock pin loads (pin count)
*** Columns FF, LUTRAM, RAMB through 'Hard IP' represents load cell counts


15. Clock Region Cell Placement per Global Clock: Region X0Y1
-------------------------------------------------------------

+-----------+-------+-----------------+------------+-------------+-----------------+------+--------+------+-----+----+------+-----+---------+---------------------------------------------------------------+
| Global Id | Track | Driver Type/Pin | Constraint | Clock Loads | Non-Clock Loads | FF   | LUTRAM | RAMB | DSP | GT | MMCM | PLL | Hard IP | Net                                                           |
+-----------+-------+-----------------+------------+-------------+-----------------+------+--------+------+-----+----+------+-----+---------+---------------------------------------------------------------+
| g0        | n/a   | BUFG/O          | None       |        1777 |               0 | 1716 |     61 |    0 |   0 |  0 |    0 |   0 |       0 | system_wrapper_i/system_i/processing_system7_0/inst/FCLK_CLK0 |
+-----------+-------+-----------------+------------+-------------+-----------------+------+--------+------+-----+----+------+-----+---------+---------------------------------------------------------------+
* Clock Loads column represents the clock pin loads (pin count)
** Non-Clock Loads column represents the non-clock pin loads (pin count)
*** Columns FF, LUTRAM, RAMB through 'Hard IP' represents load cell counts


16. Clock Region Cell Placement per Global Clock: Region X1Y1
-------------------------------------------------------------

+-----------+-------+-----------------+------------+-------------+-----------------+-----+--------+------+-----+----+------+-----+---------+---------------------------------------------------------------+
| Global Id | Track | Driver Type/Pin | Constraint | Clock Loads | Non-Clock Loads | FF  | LUTRAM | RAMB | DSP | GT | MMCM | PLL | Hard IP | Net                                                           |
+-----------+-------+-----------------+------------+-------------+-----------------+-----+--------+------+-----+----+------+-----+---------+---------------------------------------------------------------+
| g0        | n/a   | BUFG/O          | None       |         238 |               0 | 238 |      0 |    0 |   0 |  0 |    0 |   0 |       0 | system_wrapper_i/system_i/processing_system7_0/inst/FCLK_CLK0 |
+-----------+-------+-----------------+------------+-------------+-----------------+-----+--------+------+-----+----+------+-----+---------+---------------------------------------------------------------+
* Clock Loads column represents the clock pin loads (pin count)
** Non-Clock Loads column represents the non-clock pin loads (pin count)
*** Columns FF, LUTRAM, RAMB through 'Hard IP' represents load cell counts


17. Clock Region Cell Placement per Global Clock: Region X0Y2
-------------------------------------------------------------

+-----------+-------+-----------------+------------+-------------+-----------------+-----+--------+------+-----+----+------+-----+---------+---------------------------------------------------------------+
| Global Id | Track | Driver Type/Pin | Constraint | Clock Loads | Non-Clock Loads | FF  | LUTRAM | RAMB | DSP | GT | MMCM | PLL | Hard IP | Net                                                           |
+-----------+-------+-----------------+------------+-------------+-----------------+-----+--------+------+-----+----+------+-----+---------+---------------------------------------------------------------+
| g0        | n/a   | BUFG/O          | None       |         359 |               0 | 351 |      7 |    0 |   0 |  0 |    0 |   0 |       0 | system_wrapper_i/system_i/processing_system7_0/inst/FCLK_CLK0 |
+-----------+-------+-----------------+------------+-------------+-----------------+-----+--------+------+-----+----+------+-----+---------+---------------------------------------------------------------+
* Clock Loads column represents the clock pin loads (pin count)
** Non-Clock Loads column represents the non-clock pin loads (pin count)
*** Columns FF, LUTRAM, RAMB through 'Hard IP' represents load cell counts


18. Clock Region Cell Placement per Global Clock: Region X1Y2
-------------------------------------------------------------

+-----------+-------+-----------------+------------+-------------+-----------------+-----+--------+------+-----+----+------+-----+---------+---------------------------------------------------------+
| Global Id | Track | Driver Type/Pin | Constraint | Clock Loads | Non-Clock Loads | FF  | LUTRAM | RAMB | DSP | GT | MMCM | PLL | Hard IP | Net                                                     |
+-----------+-------+-----------------+------------+-------------+-----------------+-----+--------+------+-----+----+------+-----+---------+---------------------------------------------------------+
| g1        | n/a   | BUFG/O          | None       |         585 |               0 | 568 |      0 |    0 |   0 |  0 |    0 |   0 |       0 | tsc_ms1_top_i/inst_clocking/clk_gen0_inst/inst/clk_out2 |
| g2        | n/a   | BUFG/O          | None       |         175 |               0 | 158 |      0 |    0 |   0 |  0 |    0 |   0 |       0 | tsc_ms1_top_i/inst_clocking/clk_gen0_inst/inst/clk_out4 |
| g3        | n/a   | BUFG/O          | None       |          23 |               0 |  23 |      0 |    0 |   0 |  0 |    0 |   0 |       0 | tsc_ms1_top_i/inst_clocking/clk_gen0_inst/inst/clk_out5 |
| g5        | n/a   | BUFG/O          | None       |           1 |               0 |   0 |      0 |    0 |   0 |  0 |    0 |   0 |       0 | tsc_ms1_top_i/inst_clocking/clk_gen0_inst/inst/clk_out3 |
| g7        | n/a   | BUFG/O          | None       |           0 |               1 |   0 |      0 |    0 |   0 |  0 |    0 |   0 |       0 | tsc_ms1_top_i/inst_clocking/clk_gen0_inst/inst/clk_out1 |
+-----------+-------+-----------------+------------+-------------+-----------------+-----+--------+------+-----+----+------+-----+---------+---------------------------------------------------------+
* Clock Loads column represents the clock pin loads (pin count)
** Non-Clock Loads column represents the non-clock pin loads (pin count)
*** Columns FF, LUTRAM, RAMB through 'Hard IP' represents load cell counts



# Location of BUFG Primitives 
set_property LOC BUFGCTRL_X0Y5 [get_cells tsc_ms1_top_i/inst_clocking/clk_gen0_inst/inst/clkf_buf]
set_property LOC BUFGCTRL_X0Y2 [get_cells tsc_ms1_top_i/inst_clocking/clk_gen0_inst/inst/clkout5_buf]
set_property LOC BUFGCTRL_X0Y1 [get_cells tsc_ms1_top_i/inst_clocking/clk_gen0_inst/inst/clkout4_buf]
set_property LOC BUFGCTRL_X0Y4 [get_cells tsc_ms1_top_i/inst_clocking/clk_gen0_inst/inst/clkout3_buf]
set_property LOC BUFGCTRL_X0Y0 [get_cells tsc_ms1_top_i/inst_clocking/clk_gen0_inst/inst/clkout2_buf]
set_property LOC BUFGCTRL_X0Y3 [get_cells tsc_ms1_top_i/inst_clocking/clk_gen0_inst/inst/clkout1_buf]
set_property LOC BUFGCTRL_X0Y17 [get_cells system_wrapper_i/system_i/processing_system7_0/inst/buffer_fclk_clk_1.FCLK_CLK_1_BUFG]
set_property LOC BUFGCTRL_X0Y16 [get_cells system_wrapper_i/system_i/processing_system7_0/inst/buffer_fclk_clk_0.FCLK_CLK_0_BUFG]

# Location of IO Primitives which is load of clock spine
set_property LOC IOB_X1Y124 [get_cells tsc_ms1_top_i/inst_clocking/inst_obufds]
set_property LOC IOB_X0Y47 [get_cells FPGA_BANK13_IO_OBUF[3]_inst]

# Location of clock ports

# Clock net "tsc_ms1_top_i/inst_clocking/clk_gen0_inst/inst/clk_out5" driven by instance "tsc_ms1_top_i/inst_clocking/clk_gen0_inst/inst/clkout5_buf" located at site "BUFGCTRL_X0Y2"
#startgroup
create_pblock {CLKAG_tsc_ms1_top_i/inst_clocking/clk_gen0_inst/inst/clk_out5}
add_cells_to_pblock [get_pblocks  {CLKAG_tsc_ms1_top_i/inst_clocking/clk_gen0_inst/inst/clk_out5}] [get_cells -filter { PRIMITIVE_GROUP != I/O && IS_PRIMITIVE==1 && PRIMITIVE_LEVEL !=INTERNAL && NAME!=FPGA_BANK13_IO_OBUF[3]_inst} -of_object [get_pins -filter {DIRECTION==IN} -of_objects [get_nets -hierarchical -filter {PARENT=="tsc_ms1_top_i/inst_clocking/clk_gen0_inst/inst/clk_out5"}]]]
resize_pblock [get_pblocks {CLKAG_tsc_ms1_top_i/inst_clocking/clk_gen0_inst/inst/clk_out5}] -add {CLOCKREGION_X1Y2:CLOCKREGION_X1Y2}
#endgroup

# Clock net "tsc_ms1_top_i/inst_clocking/clk_gen0_inst/inst/clk_out4" driven by instance "tsc_ms1_top_i/inst_clocking/clk_gen0_inst/inst/clkout4_buf" located at site "BUFGCTRL_X0Y1"
#startgroup
create_pblock {CLKAG_tsc_ms1_top_i/inst_clocking/clk_gen0_inst/inst/clk_out4}
add_cells_to_pblock [get_pblocks  {CLKAG_tsc_ms1_top_i/inst_clocking/clk_gen0_inst/inst/clk_out4}] [get_cells -filter { PRIMITIVE_GROUP != I/O && IS_PRIMITIVE==1 && PRIMITIVE_LEVEL !=INTERNAL } -of_object [get_pins -filter {DIRECTION==IN} -of_objects [get_nets -hierarchical -filter {PARENT=="tsc_ms1_top_i/inst_clocking/clk_gen0_inst/inst/clk_out4"}]]]
resize_pblock [get_pblocks {CLKAG_tsc_ms1_top_i/inst_clocking/clk_gen0_inst/inst/clk_out4}] -add {CLOCKREGION_X1Y2:CLOCKREGION_X1Y2}
#endgroup

# Clock net "tsc_ms1_top_i/inst_clocking/clk_gen0_inst/inst/clk_out3" driven by instance "tsc_ms1_top_i/inst_clocking/clk_gen0_inst/inst/clkout3_buf" located at site "BUFGCTRL_X0Y4"
#startgroup
create_pblock {CLKAG_tsc_ms1_top_i/inst_clocking/clk_gen0_inst/inst/clk_out3}
add_cells_to_pblock [get_pblocks  {CLKAG_tsc_ms1_top_i/inst_clocking/clk_gen0_inst/inst/clk_out3}] [get_cells -filter { PRIMITIVE_GROUP != I/O && IS_PRIMITIVE==1 && PRIMITIVE_LEVEL !=INTERNAL } -of_object [get_pins -filter {DIRECTION==IN} -of_objects [get_nets -hierarchical -filter {PARENT=="tsc_ms1_top_i/inst_clocking/clk_gen0_inst/inst/clk_out3"}]]]
resize_pblock [get_pblocks {CLKAG_tsc_ms1_top_i/inst_clocking/clk_gen0_inst/inst/clk_out3}] -add {CLOCKREGION_X1Y2:CLOCKREGION_X1Y2}
#endgroup

# Clock net "tsc_ms1_top_i/inst_clocking/clk_gen0_inst/inst/clk_out2" driven by instance "tsc_ms1_top_i/inst_clocking/clk_gen0_inst/inst/clkout2_buf" located at site "BUFGCTRL_X0Y0"
#startgroup
create_pblock {CLKAG_tsc_ms1_top_i/inst_clocking/clk_gen0_inst/inst/clk_out2}
add_cells_to_pblock [get_pblocks  {CLKAG_tsc_ms1_top_i/inst_clocking/clk_gen0_inst/inst/clk_out2}] [get_cells -filter { PRIMITIVE_GROUP != I/O && IS_PRIMITIVE==1 && PRIMITIVE_LEVEL !=INTERNAL } -of_object [get_pins -filter {DIRECTION==IN} -of_objects [get_nets -hierarchical -filter {PARENT=="tsc_ms1_top_i/inst_clocking/clk_gen0_inst/inst/clk_out2"}]]]
resize_pblock [get_pblocks {CLKAG_tsc_ms1_top_i/inst_clocking/clk_gen0_inst/inst/clk_out2}] -add {CLOCKREGION_X1Y2:CLOCKREGION_X1Y2}
#endgroup

# Clock net "system_wrapper_i/system_i/processing_system7_0/inst/FCLK_CLK0" driven by instance "system_wrapper_i/system_i/processing_system7_0/inst/buffer_fclk_clk_0.FCLK_CLK_0_BUFG" located at site "BUFGCTRL_X0Y16"
#startgroup
create_pblock {CLKAG_system_wrapper_i/system_i/processing_system7_0/inst/FCLK_CLK0}
add_cells_to_pblock [get_pblocks  {CLKAG_system_wrapper_i/system_i/processing_system7_0/inst/FCLK_CLK0}] [get_cells -filter { PRIMITIVE_GROUP != I/O && IS_PRIMITIVE==1 && PRIMITIVE_LEVEL !=INTERNAL } -of_object [get_pins -filter {DIRECTION==IN} -of_objects [get_nets -hierarchical -filter {PARENT=="system_wrapper_i/system_i/processing_system7_0/inst/FCLK_CLK0"}]]]
resize_pblock [get_pblocks {CLKAG_system_wrapper_i/system_i/processing_system7_0/inst/FCLK_CLK0}] -add {CLOCKREGION_X0Y0:CLOCKREGION_X0Y0 CLOCKREGION_X0Y1:CLOCKREGION_X0Y1 CLOCKREGION_X0Y2:CLOCKREGION_X0Y2 CLOCKREGION_X1Y1:CLOCKREGION_X1Y1}
#endgroup
