\BOOKMARK [0][-]{chapter.1}{Introduction}{}% 1
\BOOKMARK [1][-]{section.1.1}{Project\040genesis}{chapter.1}% 2
\BOOKMARK [2][-]{subsection.1.1.1}{Motivation\040and\040Objectives}{section.1.1}% 3
\BOOKMARK [1][-]{section.1.2}{Requirements}{chapter.1}% 4
\BOOKMARK [2][-]{subsection.1.2.1}{Literature\040review}{section.1.2}% 5
\BOOKMARK [2][-]{subsection.1.2.2}{Market\040review}{section.1.2}% 6
\BOOKMARK [1][-]{section.1.3}{Thesis\040statement}{chapter.1}% 7
\BOOKMARK [0][-]{chapter.2}{Concept\040of\040design}{}% 8
\BOOKMARK [1][-]{section.2.1}{Summary\040of\040requirements}{chapter.2}% 9
\BOOKMARK [1][-]{section.2.2}{Specification}{chapter.2}% 10
\BOOKMARK [0][-]{chapter.3}{Camera\040design}{}% 11
\BOOKMARK [1][-]{section.3.1}{Processor\040board}{chapter.3}% 12
\BOOKMARK [1][-]{section.3.2}{Sensor\040board}{chapter.3}% 13
\BOOKMARK [2][-]{subsection.3.2.1}{CIS1910F}{section.3.2}% 14
\BOOKMARK [2][-]{subsection.3.2.2}{CMV4000}{section.3.2}% 15
\BOOKMARK [0][-]{chapter.4}{Evaluation\040of\040high\040speed\040interfaces\040for\040aerial\040hyper-spectral\040camera}{}% 16
\BOOKMARK [0][-]{chapter.5}{Summary}{}% 17
\BOOKMARK [1][-]{section.5.1}{Thesis\040objectives\040and\040results}{chapter.5}% 18
\BOOKMARK [1][-]{section.5.2}{Future\040work}{chapter.5}% 19
\BOOKMARK [1][-]{section.5.3}{Final\040summary}{chapter.5}% 20
\BOOKMARK [0][-]{section.5.3}{Bibliography}{}% 21
\BOOKMARK [0][-]{section*.3}{Glossary}{}% 22
\BOOKMARK [0][-]{section*.6}{Appendices}{}% 23
\BOOKMARK [0][-]{Appendix.1.A}{Electrical\040characteristics}{}% 24
\BOOKMARK [0][-]{Appendix.1.B}{Test\040}{}% 25
